<?xml version="1.0" encoding="UTF-8"?>
<robot generator="Robot 7.0 (Python 3.8.10 on linux)" generated="2024-06-06T18:40:26.399603" rpa="false" schemaversion="5">
<suite id="s1" name="lumateTest" source="/home/ridham/PycharmProjects/jnekins-lumate/TestCases/lumateTest.robot">
<test id="s1-t1" name="Verify that the user is able to Log in to the Portal with correct credentials" line="19">
<kw name="Open PMS url on browser" owner="lumate1Resource">
<kw name="Open Chrome Browser" owner="lumate1Resource">
<kw name="Set Environment Variable" owner="OperatingSystem">
<msg time="2024-06-06T18:40:26.908818" level="INFO">Environment variable 'webdriver.chrome.driver' set to value '/usr/bin/chromedriver'.</msg>
<arg>webdriver.chrome.driver</arg>
<arg>${CHROME_DRIVER_PATH}</arg>
<doc>Sets an environment variable to a specified value.</doc>
<status status="PASS" start="2024-06-06T18:40:26.908128" elapsed="0.000913"/>
</kw>
<kw name="Evaluate" owner="BuiltIn">
<msg time="2024-06-06T18:40:26.910396" level="INFO">${options} = &lt;selenium.webdriver.chrome.options.Options object at 0x7f12afa64ee0&gt;</msg>
<var>${options}</var>
<arg>sys.modules['selenium.webdriver'].ChromeOptions()</arg>
<arg>sys, selenium.webdriver</arg>
<doc>Evaluates the given expression in Python and returns the result.</doc>
<status status="PASS" start="2024-06-06T18:40:26.909625" elapsed="0.000846"/>
</kw>
<kw name="Call Method" owner="BuiltIn">
<arg>${options}</arg>
<arg>add_argument</arg>
<arg>${CHROME_OPTIONS}</arg>
<doc>Calls the named method of the given object with the provided arguments.</doc>
<status status="PASS" start="2024-06-06T18:40:26.910837" elapsed="0.000404"/>
</kw>
<kw name="Open Browser" owner="SeleniumLibrary">
<msg time="2024-06-06T18:40:26.912156" level="INFO">Opening browser 'chrome' to base url 'https://qa-pms.lumatehealth.com/'.</msg>
<arg>${PMS_URL}</arg>
<arg>chrome</arg>
<arg>options=${options}</arg>
<doc>Opens a new browser instance to the optional ``url``.</doc>
<status status="PASS" start="2024-06-06T18:40:26.911618" elapsed="37.726405"/>
</kw>
<doc>Open Chrome browser with specific options</doc>
<status status="PASS" start="2024-06-06T18:40:26.904886" elapsed="37.733659"/>
</kw>
<kw name="Maximize Browser Window" owner="SeleniumLibrary">
<doc>Maximizes current browser window.</doc>
<status status="PASS" start="2024-06-06T18:41:04.639174" elapsed="0.565869"/>
</kw>
<kw name="Wait Until Element Is Visible" owner="SeleniumLibrary">
<kw name="Capture Page Screenshot" owner="SeleniumLibrary">
<msg time="2024-06-06T18:41:19.140027" level="INFO" html="true">&lt;/td&gt;&lt;/tr&gt;&lt;tr&gt;&lt;td colspan="3"&gt;&lt;a href="selenium-screenshot-88.png"&gt;&lt;img src="selenium-screenshot-88.png" width="800px"&gt;&lt;/a&gt;</msg>
<doc>Takes a screenshot of the current page and embeds it into a log file.</doc>
<status status="PASS" start="2024-06-06T18:41:05.244801" elapsed="13.895400"/>
</kw>
<msg time="2024-06-06T18:41:19.140450" level="FAIL">JavascriptException: Message: javascript error: {"status":32,"value":"An invalid or illegal selector was specified"}
  (Session info: chrome=125.0.6422.141)
</msg>
<arg>${LOGIN_PAGE_PMS}</arg>
<arg>15s</arg>
<doc>Waits until the element ``locator`` is visible.</doc>
<status status="FAIL" start="2024-06-06T18:41:05.205376" elapsed="14.461980">JavascriptException: Message: javascript error: {"status":32,"value":"An invalid or illegal selector was specified"}
  (Session info: chrome=125.0.6422.141)
</status>
</kw>
<status status="FAIL" start="2024-06-06T18:40:26.903924" elapsed="52.764510">JavascriptException: Message: javascript error: {"status":32,"value":"An invalid or illegal selector was specified"}
  (Session info: chrome=125.0.6422.141)
</status>
</kw>
<kw name="Fill the credentials and login" owner="lumate1Resource">
<status status="NOT RUN" start="2024-06-06T18:41:19.670744" elapsed="0.000267"/>
</kw>
<kw name="Close Browser" owner="SeleniumLibrary" type="TEARDOWN">
<doc>Closes the current browser.</doc>
<status status="PASS" start="2024-06-06T18:41:19.673145" elapsed="0.185423"/>
</kw>
<tag>TC-PMS-001</tag>
<status status="FAIL" start="2024-06-06T18:40:26.901108" elapsed="52.957767">JavascriptException: Message: javascript error: {"status":32,"value":"An invalid or illegal selector was specified"}
  (Session info: chrome=125.0.6422.141)
</status>
</test>
<test id="s1-t2" name="Verify that the user gets redirected to enter OTP page when entered the correct credentials." line="25">
<kw name="Open PMS url on browser" owner="lumate1Resource">
<kw name="Open Chrome Browser" owner="lumate1Resource">
<kw name="Set Environment Variable" owner="OperatingSystem">
<msg time="2024-06-06T18:41:19.864694" level="INFO">Environment variable 'webdriver.chrome.driver' set to value '/usr/bin/chromedriver'.</msg>
<arg>webdriver.chrome.driver</arg>
<arg>${CHROME_DRIVER_PATH}</arg>
<doc>Sets an environment variable to a specified value.</doc>
<status status="PASS" start="2024-06-06T18:41:19.863974" elapsed="0.000861"/>
</kw>
<kw name="Evaluate" owner="BuiltIn">
<msg time="2024-06-06T18:41:19.866096" level="INFO">${options} = &lt;selenium.webdriver.chrome.options.Options object at 0x7f12af99caf0&gt;</msg>
<var>${options}</var>
<arg>sys.modules['selenium.webdriver'].ChromeOptions()</arg>
<arg>sys, selenium.webdriver</arg>
<doc>Evaluates the given expression in Python and returns the result.</doc>
<status status="PASS" start="2024-06-06T18:41:19.865295" elapsed="0.000897"/>
</kw>
<kw name="Call Method" owner="BuiltIn">
<arg>${options}</arg>
<arg>add_argument</arg>
<arg>${CHROME_OPTIONS}</arg>
<doc>Calls the named method of the given object with the provided arguments.</doc>
<status status="PASS" start="2024-06-06T18:41:19.866589" elapsed="0.000478"/>
</kw>
<kw name="Open Browser" owner="SeleniumLibrary">
<msg time="2024-06-06T18:41:19.868037" level="INFO">Opening browser 'chrome' to base url 'https://qa-pms.lumatehealth.com/'.</msg>
<arg>${PMS_URL}</arg>
<arg>chrome</arg>
<arg>options=${options}</arg>
<doc>Opens a new browser instance to the optional ``url``.</doc>
<status status="PASS" start="2024-06-06T18:41:19.867484" elapsed="7.906778"/>
</kw>
<doc>Open Chrome browser with specific options</doc>
<status status="PASS" start="2024-06-06T18:41:19.863204" elapsed="7.911538"/>
</kw>
<kw name="Maximize Browser Window" owner="SeleniumLibrary">
<doc>Maximizes current browser window.</doc>
<status status="PASS" start="2024-06-06T18:41:27.775200" elapsed="0.127739"/>
</kw>
<kw name="Wait Until Element Is Visible" owner="SeleniumLibrary">
<kw name="Capture Page Screenshot" owner="SeleniumLibrary">
<msg time="2024-06-06T18:41:28.114848" level="INFO" html="true">&lt;/td&gt;&lt;/tr&gt;&lt;tr&gt;&lt;td colspan="3"&gt;&lt;a href="selenium-screenshot-89.png"&gt;&lt;img src="selenium-screenshot-89.png" width="800px"&gt;&lt;/a&gt;</msg>
<doc>Takes a screenshot of the current page and embeds it into a log file.</doc>
<status status="PASS" start="2024-06-06T18:41:27.956710" elapsed="0.158301"/>
</kw>
<msg time="2024-06-06T18:41:28.115268" level="FAIL">JavascriptException: Message: javascript error: {"status":32,"value":"An invalid or illegal selector was specified"}
  (Session info: chrome=125.0.6422.141)
</msg>
<arg>${LOGIN_PAGE_PMS}</arg>
<arg>15s</arg>
<doc>Waits until the element ``locator`` is visible.</doc>
<status status="FAIL" start="2024-06-06T18:41:27.903397" elapsed="0.212232">JavascriptException: Message: javascript error: {"status":32,"value":"An invalid or illegal selector was specified"}
  (Session info: chrome=125.0.6422.141)
</status>
</kw>
<status status="FAIL" start="2024-06-06T18:41:19.861016" elapsed="8.255225">JavascriptException: Message: javascript error: {"status":32,"value":"An invalid or illegal selector was specified"}
  (Session info: chrome=125.0.6422.141)
</status>
</kw>
<kw name="Fill the credentials and login" owner="lumate1Resource">
<status status="NOT RUN" start="2024-06-06T18:41:28.117473" elapsed="0.000154"/>
</kw>
<kw name="Wait Until Element Contains" owner="SeleniumLibrary">
<arg>${OTP_PAGE}</arg>
<arg>Almost There</arg>
<arg>${TIMEOUT}</arg>
<doc>Waits until the element ``locator`` contains ``text``.</doc>
<status status="NOT RUN" start="2024-06-06T18:41:28.118268" elapsed="0.000099"/>
</kw>
<tag>TC-PMS-005</tag>
<status status="FAIL" start="2024-06-06T18:41:19.859686" elapsed="8.259268">JavascriptException: Message: javascript error: {"status":32,"value":"An invalid or illegal selector was specified"}
  (Session info: chrome=125.0.6422.141)
</status>
</test>
<status status="FAIL" start="2024-06-06T18:40:26.401024" elapsed="61.719220"/>
</suite>
<statistics>
<total>
<stat pass="0" fail="2" skip="0">All Tests</stat>
</total>
<tag>
<stat pass="0" fail="1" skip="0">TC-PMS-001</stat>
<stat pass="0" fail="1" skip="0">TC-PMS-005</stat>
</tag>
<suite>
<stat pass="0" fail="2" skip="0" id="s1" name="lumateTest">lumateTest</stat>
</suite>
</statistics>
<errors>
</errors>
</robot>
