<?xml version="1.0" encoding="UTF-8"?>
<robot generator="Robot 7.0 (Python 3.8.10 on linux)" generated="2024-06-06T16:52:46.600484" rpa="false" schemaversion="5">
<suite id="s1" name="lumateTest" source="/home/ridham/PycharmProjects/jnekins-lumate/TestCases/lumateTest.robot">
<test id="s1-t1" name="Verify that the user is able to Log in to the Portal with correct credentials" line="19">
<kw name="Open PMS url on browser" owner="lumate1Resource">
<kw name="Create Custom Chrome Driver" owner="Keywords">
<msg time="2024-06-06T16:52:46.835837" level="FAIL">NoSuchDriverException: Message: Unable to obtain driver for chrome; For documentation on this error, please visit: https://www.selenium.dev/documentation/webdriver/troubleshooting/errors/driver_location
</msg>
<arg>${CHROME_DRIVER_PATH}</arg>
<status status="FAIL" start="2024-06-06T16:52:46.835203" elapsed="0.001208">NoSuchDriverException: Message: Unable to obtain driver for chrome; For documentation on this error, please visit: https://www.selenium.dev/documentation/webdriver/troubleshooting/errors/driver_location
</status>
</kw>
<kw name="Open Browser" owner="SeleniumLibrary">
<arg>${PMS_URL}</arg>
<arg>browser=custom_chrome</arg>
<doc>Opens a new browser instance to the optional ``url``.</doc>
<status status="NOT RUN" start="2024-06-06T16:52:46.837484" elapsed="0.000064"/>
</kw>
<kw name="Maximize Browser Window" owner="SeleniumLibrary">
<doc>Maximizes current browser window.</doc>
<status status="NOT RUN" start="2024-06-06T16:52:46.837722" elapsed="0.000034"/>
</kw>
<kw name="Wait Until Element Is Visible" owner="SeleniumLibrary">
<arg>${LOGIN_PAGE_PMS}</arg>
<arg>15s</arg>
<doc>Waits until the element ``locator`` is visible.</doc>
<status status="NOT RUN" start="2024-06-06T16:52:46.837912" elapsed="0.000030"/>
</kw>
<status status="FAIL" start="2024-06-06T16:52:46.834741" elapsed="0.003368">NoSuchDriverException: Message: Unable to obtain driver for chrome; For documentation on this error, please visit: https://www.selenium.dev/documentation/webdriver/troubleshooting/errors/driver_location
</status>
</kw>
<kw name="Fill the credentials and login" owner="lumate1Resource">
<status status="NOT RUN" start="2024-06-06T16:52:46.838524" elapsed="0.000064"/>
</kw>
<kw name="Close Browser" owner="SeleniumLibrary" type="TEARDOWN">
<doc>Closes the current browser.</doc>
<status status="PASS" start="2024-06-06T16:52:46.839096" elapsed="0.000263"/>
</kw>
<tag>TC-PMS-001</tag>
<status status="FAIL" start="2024-06-06T16:52:46.833719" elapsed="0.005826">NoSuchDriverException: Message: Unable to obtain driver for chrome; For documentation on this error, please visit: https://www.selenium.dev/documentation/webdriver/troubleshooting/errors/driver_location
</status>
</test>
<test id="s1-t2" name="Verify that the user gets redirected to enter OTP page when entered the correct credentials." line="25">
<kw name="Open PMS url on browser" owner="lumate1Resource">
<kw name="Create Custom Chrome Driver" owner="Keywords">
<msg time="2024-06-06T16:52:46.841845" level="FAIL">NoSuchDriverException: Message: Unable to obtain driver for chrome; For documentation on this error, please visit: https://www.selenium.dev/documentation/webdriver/troubleshooting/errors/driver_location
</msg>
<arg>${CHROME_DRIVER_PATH}</arg>
<status status="FAIL" start="2024-06-06T16:52:46.841326" elapsed="0.000722">NoSuchDriverException: Message: Unable to obtain driver for chrome; For documentation on this error, please visit: https://www.selenium.dev/documentation/webdriver/troubleshooting/errors/driver_location
</status>
</kw>
<kw name="Open Browser" owner="SeleniumLibrary">
<arg>${PMS_URL}</arg>
<arg>browser=custom_chrome</arg>
<doc>Opens a new browser instance to the optional ``url``.</doc>
<status status="NOT RUN" start="2024-06-06T16:52:46.842321" elapsed="0.000041"/>
</kw>
<kw name="Maximize Browser Window" owner="SeleniumLibrary">
<doc>Maximizes current browser window.</doc>
<status status="NOT RUN" start="2024-06-06T16:52:46.842511" elapsed="0.000030"/>
</kw>
<kw name="Wait Until Element Is Visible" owner="SeleniumLibrary">
<arg>${LOGIN_PAGE_PMS}</arg>
<arg>15s</arg>
<doc>Waits until the element ``locator`` is visible.</doc>
<status status="NOT RUN" start="2024-06-06T16:52:46.842669" elapsed="0.000028"/>
</kw>
<status status="FAIL" start="2024-06-06T16:52:46.840933" elapsed="0.001909">NoSuchDriverException: Message: Unable to obtain driver for chrome; For documentation on this error, please visit: https://www.selenium.dev/documentation/webdriver/troubleshooting/errors/driver_location
</status>
</kw>
<kw name="Fill the credentials and login" owner="lumate1Resource">
<status status="NOT RUN" start="2024-06-06T16:52:46.843270" elapsed="0.000092"/>
</kw>
<kw name="Wait Until Element Contains" owner="SeleniumLibrary">
<arg>${OTP_PAGE}</arg>
<arg>Almost There</arg>
<arg>${TIMEOUT}</arg>
<doc>Waits until the element ``locator`` contains ``text``.</doc>
<status status="NOT RUN" start="2024-06-06T16:52:46.843785" elapsed="0.000079"/>
</kw>
<tag>TC-PMS-005</tag>
<status status="FAIL" start="2024-06-06T16:52:46.840154" elapsed="0.004147">NoSuchDriverException: Message: Unable to obtain driver for chrome; For documentation on this error, please visit: https://www.selenium.dev/documentation/webdriver/troubleshooting/errors/driver_location
</status>
</test>
<test id="s1-t3" name="Verify the clinician Home Page" line="31">
<kw name="Enter OTP and Submit it" owner="lumate1Resource">
<kw name="Wait for OTP Email" owner="lumate1Resource">
<kw name="Open Mailbox" owner="ImapLibrary2">
<arg>host=${EMAIL_SERVER}</arg>
<arg>user=${EMAIL_USERNAME}</arg>
<arg>password=${EMAIL_PASSWORD}</arg>
<doc>Open IMAP email client session to given ``host`` with given ``user`` and ``password``.</doc>
<status status="PASS" start="2024-06-06T16:52:46.847520" elapsed="1.484803"/>
</kw>
<kw name="Wait For Email" owner="ImapLibrary2">
<msg time="2024-06-06T16:57:56.577741" level="FAIL">No email received within 300s</msg>
<var>${email_index}</var>
<arg>sender=${SENDER_USERNAME}</arg>
<arg>status=UNSEEN</arg>
<arg>timeout=300</arg>
<doc>Wait for email message to arrived base on any given filter criteria.
Returns email index of the latest email message received.</doc>
<status status="FAIL" start="2024-06-06T16:52:48.332739" elapsed="308.259926">No email received within 300s</status>
</kw>
<kw name="Get Email Body" owner="ImapLibrary2">
<var>${email_body}</var>
<arg>${email_index}</arg>
<doc>Returns the decoded email body on multipart email message,
otherwise returns the body text.</doc>
<status status="NOT RUN" start="2024-06-06T16:57:56.593965" elapsed="0.000174"/>
</kw>
<kw name="Get Regexp Matches" owner="String">
<var>${otp}</var>
<arg>${email_body}</arg>
<arg>\\b\\d{6}\\b</arg>
<doc>Returns a list of all non-overlapping matches in the given string.</doc>
<status status="NOT RUN" start="2024-06-06T16:57:56.594803" elapsed="0.000175"/>
</kw>
<kw name="Delete Email" owner="ImapLibrary2">
<arg>${email_index}</arg>
<doc>Delete email on given ``email_index``.</doc>
<status status="NOT RUN" start="2024-06-06T16:57:56.595614" elapsed="0.000152"/>
</kw>
<kw name="Log" owner="BuiltIn">
<arg>OTP received: ${otp}</arg>
<doc>Logs the given message with the given level.</doc>
<status status="NOT RUN" start="2024-06-06T16:57:56.596564" elapsed="0.000151"/>
</kw>
<return>
<value>${otp}[3]</value>
<status status="NOT RUN" start="2024-06-06T16:57:56.597022" elapsed="0.000134"/>
</return>
<var>${otp}</var>
<status status="FAIL" start="2024-06-06T16:52:46.846671" elapsed="309.751043">No email received within 300s</status>
</kw>
<kw name="Wait Until Element Is Visible" owner="SeleniumLibrary">
<arg>${OTP_CLICK}</arg>
<arg>15s</arg>
<doc>Waits until the element ``locator`` is visible.</doc>
<status status="NOT RUN" start="2024-06-06T16:57:56.599318" elapsed="0.000212"/>
</kw>
<kw name="Click Element" owner="SeleniumLibrary">
<arg>${OTP_CLICK}</arg>
<doc>Click the element identified by ``locator``.</doc>
<status status="NOT RUN" start="2024-06-06T16:57:56.600298" elapsed="0.000146"/>
</kw>
<kw name="Wait Until Element Is Visible" owner="SeleniumLibrary">
<arg>${OTP_PAGE}</arg>
<arg>${TIMEOUT}</arg>
<doc>Waits until the element ``locator`` is visible.</doc>
<status status="NOT RUN" start="2024-06-06T16:57:56.601138" elapsed="0.000145"/>
</kw>
<kw name="Wait Until Element Is Visible" owner="SeleniumLibrary">
<arg>${OTP_PMS}</arg>
<arg>${TIMEOUT}</arg>
<doc>Waits until the element ``locator`` is visible.</doc>
<status status="NOT RUN" start="2024-06-06T16:57:56.602109" elapsed="0.000187"/>
</kw>
<kw name="Press Keys" owner="SeleniumLibrary">
<arg>${OTP_PMS}</arg>
<arg>CTRL+V</arg>
<doc>Simulates the user pressing key(s) to an element or on the active browser.</doc>
<status status="NOT RUN" start="2024-06-06T16:57:56.602931" elapsed="0.000138"/>
</kw>
<kw name="Input Text" owner="SeleniumLibrary">
<arg>${OTP_PMS}</arg>
<arg>${otp}</arg>
<doc>Types the given ``text`` into the text field identified by ``locator``.</doc>
<status status="NOT RUN" start="2024-06-06T16:57:56.603746" elapsed="0.000140"/>
</kw>
<kw name="Click Button" owner="SeleniumLibrary">
<arg>${VALIDATE_OTP_PMS}</arg>
<doc>Clicks the button identified by ``locator``.</doc>
<status status="NOT RUN" start="2024-06-06T16:57:56.604551" elapsed="0.000158"/>
</kw>
<kw name="Sleep" owner="BuiltIn">
<arg>2s</arg>
<doc>Pauses the test executed for the given time.</doc>
<status status="NOT RUN" start="2024-06-06T16:57:56.605282" elapsed="0.000132"/>
</kw>
<kw name="Run Keyword And Return Status" owner="BuiltIn">
<var>${error_exists}</var>
<arg>Page Should Contain</arg>
<arg>Incorrect OTP is provided. Try resending OTP.</arg>
<doc>Runs the given keyword with given arguments and returns the status as a Boolean value.</doc>
<status status="NOT RUN" start="2024-06-06T16:57:56.606332" elapsed="0.000160"/>
</kw>
<kw name="Run Keyword If" owner="BuiltIn">
<arg>${error_exists}</arg>
<arg>Enter OTP And Submit It</arg>
<doc>Runs the given keyword with the given arguments, if ``condition`` is true.</doc>
<status status="NOT RUN" start="2024-06-06T16:57:56.607154" elapsed="0.000135"/>
</kw>
<kw name="Wait Until Element Is Visible" owner="SeleniumLibrary">
<arg>${HOMEPAGE_PMS}</arg>
<doc>Waits until the element ``locator`` is visible.</doc>
<status status="NOT RUN" start="2024-06-06T16:57:56.607897" elapsed="0.000131"/>
</kw>
<status status="FAIL" start="2024-06-06T16:52:46.845896" elapsed="309.762616">No email received within 300s</status>
</kw>
<kw name="Wait Until Element Is Visible" owner="SeleniumLibrary">
<arg>${TO-DO_HOME}</arg>
<arg>${TIMEOUT}</arg>
<doc>Waits until the element ``locator`` is visible.</doc>
<status status="NOT RUN" start="2024-06-06T16:57:56.609522" elapsed="0.000161"/>
</kw>
<kw name="Element Should Contain" owner="SeleniumLibrary">
<arg>${TO-DO_HOME}</arg>
<arg>TO DO's</arg>
<doc>Verifies that element ``locator`` contains text ``expected``.</doc>
<status status="NOT RUN" start="2024-06-06T16:57:56.610612" elapsed="0.000162"/>
</kw>
<kw name="Element Should Contain" owner="SeleniumLibrary">
<arg>${APPOINTMENT_HOME}</arg>
<arg>Appointments</arg>
<doc>Verifies that element ``locator`` contains text ``expected``.</doc>
<status status="NOT RUN" start="2024-06-06T16:57:56.611660" elapsed="0.000158"/>
</kw>
<tag>TC-APP-001</tag>
<status status="FAIL" start="2024-06-06T16:52:46.844837" elapsed="309.768030">No email received within 300s</status>
</test>
<test id="s1-t4" name="Verify the Calender &amp; appointments screen" line="38">
<kw name="Wait Until the Update Icon Disappear" owner="lumate1Resource">
<kw name="Wait Until Element Is Not Visible" owner="SeleniumLibrary">
<kw name="Capture Page Screenshot" owner="SeleniumLibrary">
<msg time="2024-06-06T16:57:56.620346" level="INFO">Cannot capture screenshot because no browser is open.</msg>
<doc>Takes a screenshot of the current page and embeds it into a log file.</doc>
<status status="PASS" start="2024-06-06T16:57:56.619711" elapsed="0.000928"/>
</kw>
<msg time="2024-06-06T16:57:56.621073" level="FAIL">No browser is open.</msg>
<arg>${UpdateIcon}</arg>
<arg>${TIMEOUT_40}</arg>
<doc>Waits until the element ``locator`` is not visible.</doc>
<status status="FAIL" start="2024-06-06T16:57:56.617813" elapsed="0.017102">No browser is open.</status>
</kw>
<status status="FAIL" start="2024-06-06T16:57:56.616474" elapsed="0.018810">No browser is open.</status>
</kw>
<kw name="Click Element" owner="SeleniumLibrary">
<arg>${sidemenu}</arg>
<doc>Click the element identified by ``locator``.</doc>
<status status="NOT RUN" start="2024-06-06T16:57:56.635872" elapsed="0.000092"/>
</kw>
<kw name="Wait Until Element Is Visible" owner="SeleniumLibrary">
<arg>${APPOINTMENT_SEC}</arg>
<doc>Waits until the element ``locator`` is visible.</doc>
<status status="NOT RUN" start="2024-06-06T16:57:56.636488" elapsed="0.000086"/>
</kw>
<kw name="Click Element" owner="SeleniumLibrary">
<arg>${APPOINTMENT_SEC}</arg>
<doc>Click the element identified by ``locator``.</doc>
<status status="NOT RUN" start="2024-06-06T16:57:56.637057" elapsed="0.000089"/>
</kw>
<kw name="Wait Until the Update Icon Disappear" owner="lumate1Resource">
<status status="NOT RUN" start="2024-06-06T16:57:56.637773" elapsed="0.000100"/>
</kw>
<kw name="verify elements of TC-APP-002 visible or not" owner="lumate1Resource">
<status status="NOT RUN" start="2024-06-06T16:57:56.638986" elapsed="0.000104"/>
</kw>
<kw name="Wait Until the Update Icon Disappear" owner="lumate1Resource">
<status status="NOT RUN" start="2024-06-06T16:57:56.639738" elapsed="0.000093"/>
</kw>
<tag>TC-APP-002</tag>
<status status="FAIL" start="2024-06-06T16:57:56.614322" elapsed="0.026114">No browser is open.</status>
</test>
<test id="s1-t5" name="Verify the create an appointment button" line="48">
<kw name="Click Element" owner="SeleniumLibrary" type="SETUP">
<msg time="2024-06-06T16:57:56.642417" level="INFO">Clicking element 'xpath://*[@class="menu overflow-hidden"]/ul/div[1]/li[3]'.</msg>
<kw name="Capture Page Screenshot" owner="SeleniumLibrary">
<msg time="2024-06-06T16:57:56.642953" level="INFO">Cannot capture screenshot because no browser is open.</msg>
<doc>Takes a screenshot of the current page and embeds it into a log file.</doc>
<status status="PASS" start="2024-06-06T16:57:56.642744" elapsed="0.000314"/>
</kw>
<msg time="2024-06-06T16:57:56.643252" level="FAIL">No browser is open.</msg>
<arg>${HOME_SEC}</arg>
<doc>Click the element identified by ``locator``.</doc>
<status status="FAIL" start="2024-06-06T16:57:56.642037" elapsed="0.001836">No browser is open.</status>
</kw>
<tag>TC-APP-003</tag>
<status status="FAIL" start="2024-06-06T16:57:56.641240" elapsed="0.003079">Setup failed:
No browser is open.</status>
</test>
<test id="s1-t6" name="Verify View Patient" line="53">
<kw name="Click Element" owner="SeleniumLibrary" type="SETUP">
<msg time="2024-06-06T16:57:56.646108" level="INFO">Clicking element 'xpath://*[@class="menu overflow-hidden"]/ul/div[1]/li[3]'.</msg>
<kw name="Capture Page Screenshot" owner="SeleniumLibrary">
<msg time="2024-06-06T16:57:56.646849" level="INFO">Cannot capture screenshot because no browser is open.</msg>
<doc>Takes a screenshot of the current page and embeds it into a log file.</doc>
<status status="PASS" start="2024-06-06T16:57:56.646536" elapsed="0.000451"/>
</kw>
<msg time="2024-06-06T16:57:56.647243" level="FAIL">No browser is open.</msg>
<arg>${HOME_SEC}</arg>
<doc>Click the element identified by ``locator``.</doc>
<status status="FAIL" start="2024-06-06T16:57:56.645709" elapsed="0.001875">No browser is open.</status>
</kw>
<tag>TC-PCV-001</tag>
<status status="FAIL" start="2024-06-06T16:57:56.644970" elapsed="0.003088">Setup failed:
No browser is open.</status>
</test>
<test id="s1-t7" name="Verify Edit Patient" line="59">
<kw name="Click Element" owner="SeleniumLibrary" type="SETUP">
<msg time="2024-06-06T16:57:56.650125" level="INFO">Clicking element 'xpath://*[@class="menu overflow-hidden"]/ul/div[1]/li[3]'.</msg>
<kw name="Capture Page Screenshot" owner="SeleniumLibrary">
<msg time="2024-06-06T16:57:56.650833" level="INFO">Cannot capture screenshot because no browser is open.</msg>
<doc>Takes a screenshot of the current page and embeds it into a log file.</doc>
<status status="PASS" start="2024-06-06T16:57:56.650574" elapsed="0.000392"/>
</kw>
<msg time="2024-06-06T16:57:56.651305" level="FAIL">No browser is open.</msg>
<arg>${HOME_SEC}</arg>
<doc>Click the element identified by ``locator``.</doc>
<status status="FAIL" start="2024-06-06T16:57:56.649655" elapsed="0.001892">No browser is open.</status>
</kw>
<tag>TC-PCV-002</tag>
<status status="FAIL" start="2024-06-06T16:57:56.648698" elapsed="0.003293">Setup failed:
No browser is open.</status>
</test>
<test id="s1-t8" name="Verify the Basic details screen given under the Demographic section" line="68">
<kw name="Click Element" owner="SeleniumLibrary" type="SETUP">
<msg time="2024-06-06T16:57:56.653483" level="INFO">Clicking element 'xpath://*[@class="menu overflow-hidden"]/ul/div[1]/li[3]'.</msg>
<kw name="Capture Page Screenshot" owner="SeleniumLibrary">
<msg time="2024-06-06T16:57:56.653884" level="INFO">Cannot capture screenshot because no browser is open.</msg>
<doc>Takes a screenshot of the current page and embeds it into a log file.</doc>
<status status="PASS" start="2024-06-06T16:57:56.653736" elapsed="0.000224"/>
</kw>
<msg time="2024-06-06T16:57:56.654100" level="FAIL">No browser is open.</msg>
<arg>${HOME_SEC}</arg>
<doc>Click the element identified by ``locator``.</doc>
<status status="FAIL" start="2024-06-06T16:57:56.653206" elapsed="0.001072">No browser is open.</status>
</kw>
<tag>TC-PCV-003</tag>
<status status="FAIL" start="2024-06-06T16:57:56.652543" elapsed="0.002020">Setup failed:
No browser is open.</status>
</test>
<test id="s1-t9" name="Verify billing tab" line="77">
<kw name="Click Element" owner="SeleniumLibrary" type="SETUP">
<msg time="2024-06-06T16:57:56.655829" level="INFO">Clicking element 'xpath://*[@class="menu overflow-hidden"]/ul/div[1]/li[3]'.</msg>
<kw name="Capture Page Screenshot" owner="SeleniumLibrary">
<msg time="2024-06-06T16:57:56.656255" level="INFO">Cannot capture screenshot because no browser is open.</msg>
<doc>Takes a screenshot of the current page and embeds it into a log file.</doc>
<status status="PASS" start="2024-06-06T16:57:56.656066" elapsed="0.000263"/>
</kw>
<msg time="2024-06-06T16:57:56.656456" level="FAIL">No browser is open.</msg>
<arg>${HOME_SEC}</arg>
<doc>Click the element identified by ``locator``.</doc>
<status status="FAIL" start="2024-06-06T16:57:56.655568" elapsed="0.001050">No browser is open.</status>
</kw>
<tag>TC-PCV-004</tag>
<status status="FAIL" start="2024-06-06T16:57:56.655036" elapsed="0.001834">Setup failed:
No browser is open.</status>
</test>
<test id="s1-t10" name="Change billing status" line="91">
<kw name="Click Element" owner="SeleniumLibrary" type="SETUP">
<msg time="2024-06-06T16:57:56.659183" level="INFO">Clicking element 'xpath://*[@class="menu overflow-hidden"]/ul/div[1]/li[2]'.</msg>
<kw name="Capture Page Screenshot" owner="SeleniumLibrary">
<msg time="2024-06-06T16:57:56.659569" level="INFO">Cannot capture screenshot because no browser is open.</msg>
<doc>Takes a screenshot of the current page and embeds it into a log file.</doc>
<status status="PASS" start="2024-06-06T16:57:56.659426" elapsed="0.000210"/>
</kw>
<msg time="2024-06-06T16:57:56.659760" level="FAIL">No browser is open.</msg>
<arg>${HOME_SEC_ICON}</arg>
<doc>Click the element identified by ``locator``.</doc>
<status status="FAIL" start="2024-06-06T16:57:56.657764" elapsed="0.002158">No browser is open.</status>
</kw>
<tag>TC-PCV-005</tag>
<status status="FAIL" start="2024-06-06T16:57:56.657274" elapsed="0.002949">Setup failed:
No browser is open.</status>
</test>
<test id="s1-t11" name="Verify patient signup" line="105">
<kw name="Open LUMCARE url on browser" owner="lumate2Resource">
<kw name="Open Chrome Browser" owner="lumate2Resource">
<kw name="Set Environment Variable" owner="OperatingSystem">
<msg time="2024-06-06T16:57:56.662099" level="INFO">Environment variable 'webdriver.chrome.driver' set to value '/usr/bin/chromedriver'.</msg>
<arg>webdriver.chrome.driver</arg>
<arg>${CHROME_DRIVER_PATH}</arg>
<doc>Sets an environment variable to a specified value.</doc>
<status status="PASS" start="2024-06-06T16:57:56.661905" elapsed="0.000264"/>
</kw>
<kw name="Evaluate" owner="BuiltIn">
<msg time="2024-06-06T16:57:56.662644" level="INFO">${options} = &lt;selenium.webdriver.chrome.options.Options object at 0x7ff0c6762b80&gt;</msg>
<var>${options}</var>
<arg>sys.modules['selenium.webdriver'].ChromeOptions()</arg>
<arg>sys, selenium.webdriver</arg>
<doc>Evaluates the given expression in Python and returns the result.</doc>
<status status="PASS" start="2024-06-06T16:57:56.662336" elapsed="0.000343"/>
</kw>
<kw name="Call Method" owner="BuiltIn">
<arg>${options}</arg>
<arg>add_argument</arg>
<arg>${CHROME_OPTIONS}</arg>
<doc>Calls the named method of the given object with the provided arguments.</doc>
<status status="PASS" start="2024-06-06T16:57:56.662838" elapsed="0.000195"/>
</kw>
<kw name="Open Browser" owner="SeleniumLibrary">
<msg time="2024-06-06T16:57:56.663493" level="INFO">Opening browser 'chrome' to base url 'https://qa-lumacare.lumatehealth.com/#/authentication/login'.</msg>
<kw name="Capture Page Screenshot" owner="SeleniumLibrary">
<msg time="2024-06-06T16:57:56.663920" level="INFO">Cannot capture screenshot because no browser is open.</msg>
<doc>Takes a screenshot of the current page and embeds it into a log file.</doc>
<status status="PASS" start="2024-06-06T16:57:56.663804" elapsed="0.000172"/>
</kw>
<msg time="2024-06-06T16:57:56.664084" level="FAIL">TypeError: __init__() got an unexpected keyword argument 'service_log_path'</msg>
<arg>${P_PORTAL_URL}</arg>
<arg>chrome</arg>
<arg>options=${options}</arg>
<doc>Opens a new browser instance to the optional ``url``.</doc>
<status status="FAIL" start="2024-06-06T16:57:56.663223" elapsed="0.004971">TypeError: __init__() got an unexpected keyword argument 'service_log_path'</status>
</kw>
<doc>Open Chrome browser with specific options</doc>
<status status="FAIL" start="2024-06-06T16:57:56.661623" elapsed="0.006786">TypeError: __init__() got an unexpected keyword argument 'service_log_path'</status>
</kw>
<kw name="Maximize Browser Window" owner="SeleniumLibrary">
<doc>Maximizes current browser window.</doc>
<status status="NOT RUN" start="2024-06-06T16:57:56.668627" elapsed="0.000049"/>
</kw>
<kw name="Wait Until Element Is Visible" owner="SeleniumLibrary">
<arg>${LOGIN_PAGE_P_PORTAL}</arg>
<arg>15s</arg>
<doc>Waits until the element ``locator`` is visible.</doc>
<status status="NOT RUN" start="2024-06-06T16:57:56.668827" elapsed="0.000031"/>
</kw>
<status status="FAIL" start="2024-06-06T16:57:56.661233" elapsed="0.007731">TypeError: __init__() got an unexpected keyword argument 'service_log_path'</status>
</kw>
<kw name="Fill the credentials and login" owner="lumate2Resource">
<status status="NOT RUN" start="2024-06-06T16:57:56.669339" elapsed="0.000051"/>
</kw>
<kw name="Enter OTP and Submit it" owner="lumate2Resource">
<status status="NOT RUN" start="2024-06-06T16:57:56.669720" elapsed="0.000049"/>
</kw>
<kw name="Select Dependent and Skip profile editing" owner="lumate2Resource">
<status status="NOT RUN" start="2024-06-06T16:57:56.670016" elapsed="0.000041"/>
</kw>
<kw name="Wait Until Element Is Visible" owner="SeleniumLibrary">
<arg>${HOMEPAGE_P_PORTAL}</arg>
<arg>${TIMEOUT}</arg>
<doc>Waits until the element ``locator`` is visible.</doc>
<status status="NOT RUN" start="2024-06-06T16:57:56.670256" elapsed="0.000045"/>
</kw>
<tag>TC-PATIENT-001</tag>
<tag>test:retry(2)</tag>
<status status="FAIL" start="2024-06-06T16:57:56.660705" elapsed="0.009828">TypeError: __init__() got an unexpected keyword argument 'service_log_path'</status>
</test>
<test id="s1-t12" name="Add consent forms" line="113">
<kw name="Wait Until Element Is Visible" owner="SeleniumLibrary">
<kw name="Capture Page Screenshot" owner="SeleniumLibrary">
<msg time="2024-06-06T16:57:56.671711" level="INFO">Cannot capture screenshot because no browser is open.</msg>
<doc>Takes a screenshot of the current page and embeds it into a log file.</doc>
<status status="PASS" start="2024-06-06T16:57:56.671590" elapsed="0.000179"/>
</kw>
<msg time="2024-06-06T16:57:56.671874" level="FAIL">No browser is open.</msg>
<arg>${VIEW_CONSENT}</arg>
<arg>${TIMEOUT}</arg>
<doc>Waits until the element ``locator`` is visible.</doc>
<status status="FAIL" start="2024-06-06T16:57:56.671168" elapsed="0.000869">No browser is open.</status>
</kw>
<kw name="Wait Until the Update Icon Disappear" owner="lumate2Resource">
<status status="NOT RUN" start="2024-06-06T16:57:56.672399" elapsed="0.000042"/>
</kw>
<kw name="Click Element" owner="SeleniumLibrary">
<arg>${VIEW_CONSENT}</arg>
<doc>Click the element identified by ``locator``.</doc>
<status status="NOT RUN" start="2024-06-06T16:57:56.672656" elapsed="0.000037"/>
</kw>
<kw name="Wait Until the Update Icon Disappear" owner="lumate2Resource">
<status status="NOT RUN" start="2024-06-06T16:57:56.672942" elapsed="0.000039"/>
</kw>
<kw name="Element Should Be Visible" owner="SeleniumLibrary">
<arg>${CONSENTS}</arg>
<doc>Verifies that the element identified by ``locator`` is visible.</doc>
<status status="NOT RUN" start="2024-06-06T16:57:56.673177" elapsed="0.000036"/>
</kw>
<tag>TC-PATIENT-002</tag>
<status status="FAIL" start="2024-06-06T16:57:56.670786" elapsed="0.002642">No browser is open.</status>
</test>
<test id="s1-t13" name="Bill payment" line="121">
<kw name="Wait Until the Update Icon Disappear" owner="lumate2Resource">
<kw name="Wait Until Element Is Not Visible" owner="SeleniumLibrary">
<kw name="Capture Page Screenshot" owner="SeleniumLibrary">
<msg time="2024-06-06T16:57:56.687584" level="INFO">Cannot capture screenshot because no browser is open.</msg>
<doc>Takes a screenshot of the current page and embeds it into a log file.</doc>
<status status="PASS" start="2024-06-06T16:57:56.674972" elapsed="0.012750"/>
</kw>
<msg time="2024-06-06T16:57:56.687931" level="FAIL">No browser is open.</msg>
<arg>${UpdateIcon}</arg>
<arg>${TIMEOUT}</arg>
<doc>Waits until the element ``locator`` is not visible.</doc>
<status status="FAIL" start="2024-06-06T16:57:56.674590" elapsed="0.013634">No browser is open.</status>
</kw>
<status status="FAIL" start="2024-06-06T16:57:56.674270" elapsed="0.014192">No browser is open.</status>
</kw>
<kw name="Click Element" owner="SeleniumLibrary">
<arg>${HOME_SECTION}</arg>
<doc>Click the element identified by ``locator``.</doc>
<status status="NOT RUN" start="2024-06-06T16:57:56.688834" elapsed="0.000064"/>
</kw>
<kw name="Payment Of Clinician1" owner="lumate2Resource">
<status status="NOT RUN" start="2024-06-06T16:57:56.689351" elapsed="0.000068"/>
</kw>
<kw name="Close Browser" owner="SeleniumLibrary">
<doc>Closes the current browser.</doc>
<status status="NOT RUN" start="2024-06-06T16:57:56.689687" elapsed="0.000040"/>
</kw>
<tag>TC-PATIENT-003</tag>
<status status="FAIL" start="2024-06-06T16:57:56.673749" elapsed="0.016203">No browser is open.</status>
</test>
<status status="FAIL" start="2024-06-06T16:52:46.601968" elapsed="310.088515"/>
</suite>
<statistics>
<total>
<stat pass="0" fail="13" skip="0">All Tests</stat>
</total>
<tag>
<stat pass="0" fail="1" skip="0">TC-APP-001</stat>
<stat pass="0" fail="1" skip="0">TC-APP-002</stat>
<stat pass="0" fail="1" skip="0">TC-APP-003</stat>
<stat pass="0" fail="1" skip="0">TC-PATIENT-001</stat>
<stat pass="0" fail="1" skip="0">TC-PATIENT-002</stat>
<stat pass="0" fail="1" skip="0">TC-PATIENT-003</stat>
<stat pass="0" fail="1" skip="0">TC-PCV-001</stat>
<stat pass="0" fail="1" skip="0">TC-PCV-002</stat>
<stat pass="0" fail="1" skip="0">TC-PCV-003</stat>
<stat pass="0" fail="1" skip="0">TC-PCV-004</stat>
<stat pass="0" fail="1" skip="0">TC-PCV-005</stat>
<stat pass="0" fail="1" skip="0">TC-PMS-001</stat>
<stat pass="0" fail="1" skip="0">TC-PMS-005</stat>
<stat pass="0" fail="1" skip="0">test:retry(2)</stat>
</tag>
<suite>
<stat pass="0" fail="13" skip="0" id="s1" name="lumateTest">lumateTest</stat>
</suite>
</statistics>
<errors>
</errors>
</robot>
