<?xml version="1.0" encoding="UTF-8"?>
<robot generator="Robot 7.0 (Python 3.8.10 on linux)" generated="2024-06-05T18:29:16.966921" rpa="false" schemaversion="5">
<suite id="s1" name="lumateTest" source="/home/ridham/PycharmProjects/LUMATE-AUTOMATION_Jenkins/TestCases/lumateTest.robot">
<test id="s1-t1" name="Verify that the user is able to Log in to the Portal with correct credentials" line="19">
<kw name="Open PMS url on browser" owner="lumate1Resource">
<kw name="Open Browser With Options" owner="lumate1Resource">
<kw name="Evaluate" owner="BuiltIn">
<msg time="2024-06-05T18:29:17.157041" level="INFO">${chrome options} = &lt;selenium.webdriver.chrome.options.Options object at 0x7f1081266d00&gt;</msg>
<var>${chrome options}</var>
<arg>sys.modules['selenium.webdriver'].ChromeOptions()</arg>
<arg>sys, selenium.webdriver</arg>
<doc>Evaluates the given expression in Python and returns the result.</doc>
<status status="PASS" start="2024-06-05T18:29:17.156703" elapsed="0.000385"/>
</kw>
<kw name="Split String" owner="String">
<msg time="2024-06-05T18:29:17.157491" level="INFO">${options_list} = ['--headless', '--no-sandbox', '--disable-dev-shm-usage', '--disable-gpu', '--remote-debugging-port=9222', '--disable-software-rasterizer', '--no-first-run', '--disable-background-networking', '--disa...</msg>
<var>${options_list}</var>
<arg>${options}</arg>
<arg>${SPACE}</arg>
<doc>Splits the ``string`` using ``separator`` as a delimiter string.</doc>
<status status="PASS" start="2024-06-05T18:29:17.157269" elapsed="0.000251"/>
</kw>
<for flavor="IN">
<iter>
<kw name="Call Method" owner="BuiltIn">
<arg>${chrome options}</arg>
<arg>add_argument</arg>
<arg>${option}</arg>
<doc>Calls the named method of the given object with the provided arguments.</doc>
<status status="PASS" start="2024-06-05T18:29:17.157930" elapsed="0.000185"/>
</kw>
<var name="${option}">--headless</var>
<status status="PASS" start="2024-06-05T18:29:17.157792" elapsed="0.000381"/>
</iter>
<iter>
<kw name="Call Method" owner="BuiltIn">
<arg>${chrome options}</arg>
<arg>add_argument</arg>
<arg>${option}</arg>
<doc>Calls the named method of the given object with the provided arguments.</doc>
<status status="PASS" start="2024-06-05T18:29:17.158392" elapsed="0.000178"/>
</kw>
<var name="${option}">--no-sandbox</var>
<status status="PASS" start="2024-06-05T18:29:17.158281" elapsed="0.000348"/>
</iter>
<iter>
<kw name="Call Method" owner="BuiltIn">
<arg>${chrome options}</arg>
<arg>add_argument</arg>
<arg>${option}</arg>
<doc>Calls the named method of the given object with the provided arguments.</doc>
<status status="PASS" start="2024-06-05T18:29:17.158839" elapsed="0.000193"/>
</kw>
<var name="${option}">--disable-dev-shm-usage</var>
<status status="PASS" start="2024-06-05T18:29:17.158731" elapsed="0.000359"/>
</iter>
<iter>
<kw name="Call Method" owner="BuiltIn">
<arg>${chrome options}</arg>
<arg>add_argument</arg>
<arg>${option}</arg>
<doc>Calls the named method of the given object with the provided arguments.</doc>
<status status="PASS" start="2024-06-05T18:29:17.159302" elapsed="0.000178"/>
</kw>
<var name="${option}">--disable-gpu</var>
<status status="PASS" start="2024-06-05T18:29:17.159191" elapsed="0.000348"/>
</iter>
<iter>
<kw name="Call Method" owner="BuiltIn">
<arg>${chrome options}</arg>
<arg>add_argument</arg>
<arg>${option}</arg>
<doc>Calls the named method of the given object with the provided arguments.</doc>
<status status="PASS" start="2024-06-05T18:29:17.159767" elapsed="0.000186"/>
</kw>
<var name="${option}">--remote-debugging-port=9222</var>
<status status="PASS" start="2024-06-05T18:29:17.159646" elapsed="0.000364"/>
</iter>
<iter>
<kw name="Call Method" owner="BuiltIn">
<arg>${chrome options}</arg>
<arg>add_argument</arg>
<arg>${option}</arg>
<doc>Calls the named method of the given object with the provided arguments.</doc>
<status status="PASS" start="2024-06-05T18:29:17.160222" elapsed="0.000180"/>
</kw>
<var name="${option}">--disable-software-rasterizer</var>
<status status="PASS" start="2024-06-05T18:29:17.160110" elapsed="0.000347"/>
</iter>
<iter>
<kw name="Call Method" owner="BuiltIn">
<arg>${chrome options}</arg>
<arg>add_argument</arg>
<arg>${option}</arg>
<doc>Calls the named method of the given object with the provided arguments.</doc>
<status status="PASS" start="2024-06-05T18:29:17.160666" elapsed="0.000178"/>
</kw>
<var name="${option}">--no-first-run</var>
<status status="PASS" start="2024-06-05T18:29:17.160559" elapsed="0.000341"/>
</iter>
<iter>
<kw name="Call Method" owner="BuiltIn">
<arg>${chrome options}</arg>
<arg>add_argument</arg>
<arg>${option}</arg>
<doc>Calls the named method of the given object with the provided arguments.</doc>
<status status="PASS" start="2024-06-05T18:29:17.161111" elapsed="0.000175"/>
</kw>
<var name="${option}">--disable-background-networking</var>
<status status="PASS" start="2024-06-05T18:29:17.161004" elapsed="0.000372"/>
</iter>
<iter>
<kw name="Call Method" owner="BuiltIn">
<arg>${chrome options}</arg>
<arg>add_argument</arg>
<arg>${option}</arg>
<doc>Calls the named method of the given object with the provided arguments.</doc>
<status status="PASS" start="2024-06-05T18:29:17.161798" elapsed="0.000454"/>
</kw>
<var name="${option}">--disable-extensions</var>
<status status="PASS" start="2024-06-05T18:29:17.161558" elapsed="0.000807"/>
</iter>
<iter>
<kw name="Call Method" owner="BuiltIn">
<arg>${chrome options}</arg>
<arg>add_argument</arg>
<arg>${option}</arg>
<doc>Calls the named method of the given object with the provided arguments.</doc>
<status status="PASS" start="2024-06-05T18:29:17.162662" elapsed="0.000219"/>
</kw>
<var name="${option}">disable-features=VizDisplayCompositor</var>
<status status="PASS" start="2024-06-05T18:29:17.162509" elapsed="0.000435"/>
</iter>
<var>${option}</var>
<value>@{options_list}</value>
<status status="PASS" start="2024-06-05T18:29:17.157617" elapsed="0.005372"/>
</for>
<kw name="Create Webdriver" owner="SeleniumLibrary">
<msg time="2024-06-05T18:29:17.163413" level="INFO">Creating an instance of the Chrome WebDriver.</msg>
<kw name="Capture Page Screenshot" owner="SeleniumLibrary">
<msg time="2024-06-05T18:29:18.264915" level="INFO">Cannot capture screenshot because no browser is open.</msg>
<doc>Takes a screenshot of the current page and embeds it into a log file.</doc>
<status status="PASS" start="2024-06-05T18:29:18.262438" elapsed="0.002910"/>
</kw>
<msg time="2024-06-05T18:29:18.266161" level="FAIL">WebDriverException: Message: disconnected: unable to connect to renderer
</msg>
<arg>Chrome</arg>
<arg>options=${chrome options}</arg>
<doc>Creates an instance of Selenium WebDriver.</doc>
<status status="FAIL" start="2024-06-05T18:29:17.163188" elapsed="1.106432">WebDriverException: Message: disconnected: unable to connect to renderer
</status>
</kw>
<kw name="Go To" owner="SeleniumLibrary">
<arg>${url}</arg>
<doc>Navigates the current browser window to the provided ``url``.</doc>
<status status="NOT RUN" start="2024-06-05T18:29:18.270512" elapsed="0.000179"/>
</kw>
<arg>${PMS_URL}</arg>
<arg>${CHROME_OPTIONS}</arg>
<status status="FAIL" start="2024-06-05T18:29:17.155599" elapsed="1.115764">WebDriverException: Message: disconnected: unable to connect to renderer
</status>
</kw>
<kw name="Maximize Browser Window" owner="SeleniumLibrary">
<doc>Maximizes current browser window.</doc>
<status status="NOT RUN" start="2024-06-05T18:29:18.272098" elapsed="0.000145"/>
</kw>
<kw name="Wait Until Element Is Visible" owner="SeleniumLibrary">
<arg>${LOGIN_PAGE_PMS}</arg>
<arg>15s</arg>
<doc>Waits until the element ``locator`` is visible.</doc>
<status status="NOT RUN" start="2024-06-05T18:29:18.273027" elapsed="0.000150"/>
</kw>
<status status="FAIL" start="2024-06-05T18:29:17.155141" elapsed="1.118519">WebDriverException: Message: disconnected: unable to connect to renderer
</status>
</kw>
<kw name="Fill the credentials and login" owner="lumate1Resource">
<status status="NOT RUN" start="2024-06-05T18:29:18.275425" elapsed="0.000153"/>
</kw>
<kw name="Close Browser" owner="SeleniumLibrary" type="TEARDOWN">
<doc>Closes the current browser.</doc>
<status status="PASS" start="2024-06-05T18:29:18.276737" elapsed="0.000480"/>
</kw>
<tag>TC-PMS-001</tag>
<status status="FAIL" start="2024-06-05T18:29:17.154280" elapsed="1.123437">WebDriverException: Message: disconnected: unable to connect to renderer
</status>
</test>
<test id="s1-t2" name="Verify that the user gets redirected to enter OTP page when entered the correct credentials." line="25">
<kw name="Open PMS url on browser" owner="lumate1Resource">
<kw name="Open Browser With Options" owner="lumate1Resource">
<kw name="Evaluate" owner="BuiltIn">
<msg time="2024-06-05T18:29:18.286125" level="INFO">${chrome options} = &lt;selenium.webdriver.chrome.options.Options object at 0x7f108119d670&gt;</msg>
<var>${chrome options}</var>
<arg>sys.modules['selenium.webdriver'].ChromeOptions()</arg>
<arg>sys, selenium.webdriver</arg>
<doc>Evaluates the given expression in Python and returns the result.</doc>
<status status="PASS" start="2024-06-05T18:29:18.285041" elapsed="0.001218"/>
</kw>
<kw name="Split String" owner="String">
<msg time="2024-06-05T18:29:18.287934" level="INFO">${options_list} = ['--headless', '--no-sandbox', '--disable-dev-shm-usage', '--disable-gpu', '--remote-debugging-port=9222', '--disable-software-rasterizer', '--no-first-run', '--disable-background-networking', '--disa...</msg>
<var>${options_list}</var>
<arg>${options}</arg>
<arg>${SPACE}</arg>
<doc>Splits the ``string`` using ``separator`` as a delimiter string.</doc>
<status status="PASS" start="2024-06-05T18:29:18.286948" elapsed="0.001108"/>
</kw>
<for flavor="IN">
<iter>
<kw name="Call Method" owner="BuiltIn">
<arg>${chrome options}</arg>
<arg>add_argument</arg>
<arg>${option}</arg>
<doc>Calls the named method of the given object with the provided arguments.</doc>
<status status="PASS" start="2024-06-05T18:29:18.289539" elapsed="0.000920"/>
</kw>
<var name="${option}">--headless</var>
<status status="PASS" start="2024-06-05T18:29:18.289041" elapsed="0.001727"/>
</iter>
<iter>
<kw name="Call Method" owner="BuiltIn">
<arg>${chrome options}</arg>
<arg>add_argument</arg>
<arg>${option}</arg>
<doc>Calls the named method of the given object with the provided arguments.</doc>
<status status="PASS" start="2024-06-05T18:29:18.291842" elapsed="0.000722"/>
</kw>
<var name="${option}">--no-sandbox</var>
<status status="PASS" start="2024-06-05T18:29:18.291322" elapsed="0.001434"/>
</iter>
<iter>
<kw name="Call Method" owner="BuiltIn">
<arg>${chrome options}</arg>
<arg>add_argument</arg>
<arg>${option}</arg>
<doc>Calls the named method of the given object with the provided arguments.</doc>
<status status="PASS" start="2024-06-05T18:29:18.293345" elapsed="0.000440"/>
</kw>
<var name="${option}">--disable-dev-shm-usage</var>
<status status="PASS" start="2024-06-05T18:29:18.293053" elapsed="0.000913"/>
</iter>
<iter>
<kw name="Call Method" owner="BuiltIn">
<arg>${chrome options}</arg>
<arg>add_argument</arg>
<arg>${option}</arg>
<doc>Calls the named method of the given object with the provided arguments.</doc>
<status status="PASS" start="2024-06-05T18:29:18.294487" elapsed="0.000664"/>
</kw>
<var name="${option}">--disable-gpu</var>
<status status="PASS" start="2024-06-05T18:29:18.294193" elapsed="0.001213"/>
</iter>
<iter>
<kw name="Call Method" owner="BuiltIn">
<arg>${chrome options}</arg>
<arg>add_argument</arg>
<arg>${option}</arg>
<doc>Calls the named method of the given object with the provided arguments.</doc>
<status status="PASS" start="2024-06-05T18:29:18.296222" elapsed="0.000756"/>
</kw>
<var name="${option}">--remote-debugging-port=9222</var>
<status status="PASS" start="2024-06-05T18:29:18.295798" elapsed="0.001441"/>
</iter>
<iter>
<kw name="Call Method" owner="BuiltIn">
<arg>${chrome options}</arg>
<arg>add_argument</arg>
<arg>${option}</arg>
<doc>Calls the named method of the given object with the provided arguments.</doc>
<status status="PASS" start="2024-06-05T18:29:18.298030" elapsed="0.000570"/>
</kw>
<var name="${option}">--disable-software-rasterizer</var>
<status status="PASS" start="2024-06-05T18:29:18.297625" elapsed="0.001162"/>
</iter>
<iter>
<kw name="Call Method" owner="BuiltIn">
<arg>${chrome options}</arg>
<arg>add_argument</arg>
<arg>${option}</arg>
<doc>Calls the named method of the given object with the provided arguments.</doc>
<status status="PASS" start="2024-06-05T18:29:18.299413" elapsed="0.000322"/>
</kw>
<var name="${option}">--no-first-run</var>
<status status="PASS" start="2024-06-05T18:29:18.299111" elapsed="0.000734"/>
</iter>
<iter>
<kw name="Call Method" owner="BuiltIn">
<arg>${chrome options}</arg>
<arg>add_argument</arg>
<arg>${option}</arg>
<doc>Calls the named method of the given object with the provided arguments.</doc>
<status status="PASS" start="2024-06-05T18:29:18.300221" elapsed="0.000302"/>
</kw>
<var name="${option}">--disable-background-networking</var>
<status status="PASS" start="2024-06-05T18:29:18.300021" elapsed="0.000595"/>
</iter>
<iter>
<kw name="Call Method" owner="BuiltIn">
<arg>${chrome options}</arg>
<arg>add_argument</arg>
<arg>${option}</arg>
<doc>Calls the named method of the given object with the provided arguments.</doc>
<status status="PASS" start="2024-06-05T18:29:18.301032" elapsed="0.000481"/>
</kw>
<var name="${option}">--disable-extensions</var>
<status status="PASS" start="2024-06-05T18:29:18.300785" elapsed="0.000864"/>
</iter>
<iter>
<kw name="Call Method" owner="BuiltIn">
<arg>${chrome options}</arg>
<arg>add_argument</arg>
<arg>${option}</arg>
<doc>Calls the named method of the given object with the provided arguments.</doc>
<status status="PASS" start="2024-06-05T18:29:18.302218" elapsed="0.000515"/>
</kw>
<var name="${option}">disable-features=VizDisplayCompositor</var>
<status status="PASS" start="2024-06-05T18:29:18.301943" elapsed="0.000901"/>
</iter>
<var>${option}</var>
<value>@{options_list}</value>
<status status="PASS" start="2024-06-05T18:29:18.288429" elapsed="0.014497"/>
</for>
<kw name="Create Webdriver" owner="SeleniumLibrary">
<msg time="2024-06-05T18:29:18.303587" level="INFO">Creating an instance of the Chrome WebDriver.</msg>
<kw name="Capture Page Screenshot" owner="SeleniumLibrary">
<msg time="2024-06-05T18:29:19.391663" level="INFO">Cannot capture screenshot because no browser is open.</msg>
<doc>Takes a screenshot of the current page and embeds it into a log file.</doc>
<status status="PASS" start="2024-06-05T18:29:19.389730" elapsed="0.002360"/>
</kw>
<msg time="2024-06-05T18:29:19.392867" level="FAIL">WebDriverException: Message: disconnected: unable to connect to renderer
</msg>
<arg>Chrome</arg>
<arg>options=${chrome options}</arg>
<doc>Creates an instance of Selenium WebDriver.</doc>
<status status="FAIL" start="2024-06-05T18:29:18.303240" elapsed="1.090487">WebDriverException: Message: disconnected: unable to connect to renderer
</status>
</kw>
<kw name="Go To" owner="SeleniumLibrary">
<arg>${url}</arg>
<doc>Navigates the current browser window to the provided ``url``.</doc>
<status status="NOT RUN" start="2024-06-05T18:29:19.395246" elapsed="0.000364"/>
</kw>
<arg>${PMS_URL}</arg>
<arg>${CHROME_OPTIONS}</arg>
<status status="FAIL" start="2024-06-05T18:29:18.283393" elapsed="1.113960">WebDriverException: Message: disconnected: unable to connect to renderer
</status>
</kw>
<kw name="Maximize Browser Window" owner="SeleniumLibrary">
<doc>Maximizes current browser window.</doc>
<status status="NOT RUN" start="2024-06-05T18:29:19.398249" elapsed="0.000160"/>
</kw>
<kw name="Wait Until Element Is Visible" owner="SeleniumLibrary">
<arg>${LOGIN_PAGE_PMS}</arg>
<arg>15s</arg>
<doc>Waits until the element ``locator`` is visible.</doc>
<status status="NOT RUN" start="2024-06-05T18:29:19.399239" elapsed="0.000174"/>
</kw>
<status status="FAIL" start="2024-06-05T18:29:18.282028" elapsed="1.117891">WebDriverException: Message: disconnected: unable to connect to renderer
</status>
</kw>
<kw name="Fill the credentials and login" owner="lumate1Resource">
<status status="NOT RUN" start="2024-06-05T18:29:19.401671" elapsed="0.000194"/>
</kw>
<kw name="Wait Until Element Contains" owner="SeleniumLibrary">
<arg>${OTP_PAGE}</arg>
<arg>Almost There</arg>
<arg>${TIMEOUT}</arg>
<doc>Waits until the element ``locator`` contains ``text``.</doc>
<status status="NOT RUN" start="2024-06-05T18:29:19.402689" elapsed="0.000155"/>
</kw>
<tag>TC-PMS-005</tag>
<status status="FAIL" start="2024-06-05T18:29:18.279443" elapsed="1.124900">WebDriverException: Message: disconnected: unable to connect to renderer
</status>
</test>
<test id="s1-t3" name="Verify the clinician Home Page" line="31">
<kw name="Enter OTP and Submit it" owner="lumate1Resource">
<kw name="Wait for OTP Email" owner="lumate1Resource">
<kw name="Open Mailbox" owner="ImapLibrary2">
<arg>host=${EMAIL_SERVER}</arg>
<arg>user=${EMAIL_USERNAME}</arg>
<arg>password=${EMAIL_PASSWORD}</arg>
<doc>Open IMAP email client session to given ``host`` with given ``user`` and ``password``.</doc>
<status status="PASS" start="2024-06-05T18:29:19.414849" elapsed="1.588723"/>
</kw>
<kw name="Wait For Email" owner="ImapLibrary2">
<msg time="2024-06-05T18:34:29.927563" level="FAIL">No email received within 300s</msg>
<var>${email_index}</var>
<arg>sender=${SENDER_USERNAME}</arg>
<arg>status=UNSEEN</arg>
<arg>timeout=300</arg>
<doc>Wait for email message to arrived base on any given filter criteria.
Returns email index of the latest email message received.</doc>
<status status="FAIL" start="2024-06-05T18:29:21.004445" elapsed="308.939873">No email received within 300s</status>
</kw>
<kw name="Get Email Body" owner="ImapLibrary2">
<var>${email_body}</var>
<arg>${email_index}</arg>
<doc>Returns the decoded email body on multipart email message,
otherwise returns the body text.</doc>
<status status="NOT RUN" start="2024-06-05T18:34:29.945366" elapsed="0.000172"/>
</kw>
<kw name="Get Regexp Matches" owner="String">
<var>${otp}</var>
<arg>${email_body}</arg>
<arg>\\b\\d{6}\\b</arg>
<doc>Returns a list of all non-overlapping matches in the given string.</doc>
<status status="NOT RUN" start="2024-06-05T18:34:29.946285" elapsed="0.000149"/>
</kw>
<kw name="Delete Email" owner="ImapLibrary2">
<arg>${email_index}</arg>
<doc>Delete email on given ``email_index``.</doc>
<status status="NOT RUN" start="2024-06-05T18:34:29.947066" elapsed="0.000167"/>
</kw>
<kw name="Log" owner="BuiltIn">
<arg>OTP received: ${otp}</arg>
<doc>Logs the given message with the given level.</doc>
<status status="NOT RUN" start="2024-06-05T18:34:29.947843" elapsed="0.000134"/>
</kw>
<return>
<value>${otp}[3]</value>
<status status="NOT RUN" start="2024-06-05T18:34:29.948263" elapsed="0.000180"/>
</return>
<var>${otp}</var>
<status status="FAIL" start="2024-06-05T18:29:19.412953" elapsed="310.536058">No email received within 300s</status>
</kw>
<kw name="Wait Until Element Is Visible" owner="SeleniumLibrary">
<arg>${OTP_CLICK}</arg>
<arg>15s</arg>
<doc>Waits until the element ``locator`` is visible.</doc>
<status status="NOT RUN" start="2024-06-05T18:34:29.950368" elapsed="0.000307"/>
</kw>
<kw name="Click Element" owner="SeleniumLibrary">
<arg>${OTP_CLICK}</arg>
<doc>Click the element identified by ``locator``.</doc>
<status status="NOT RUN" start="2024-06-05T18:34:29.951712" elapsed="0.000172"/>
</kw>
<kw name="Wait Until Element Is Visible" owner="SeleniumLibrary">
<arg>${OTP_PAGE}</arg>
<arg>${TIMEOUT}</arg>
<doc>Waits until the element ``locator`` is visible.</doc>
<status status="NOT RUN" start="2024-06-05T18:34:29.952514" elapsed="0.000140"/>
</kw>
<kw name="Wait Until Element Is Visible" owner="SeleniumLibrary">
<arg>${OTP_PMS}</arg>
<arg>${TIMEOUT}</arg>
<doc>Waits until the element ``locator`` is visible.</doc>
<status status="NOT RUN" start="2024-06-05T18:34:29.953244" elapsed="0.000132"/>
</kw>
<kw name="Input Text" owner="SeleniumLibrary">
<arg>${OTP_PMS}</arg>
<arg>${otp}</arg>
<doc>Types the given ``text`` into the text field identified by ``locator``.</doc>
<status status="NOT RUN" start="2024-06-05T18:34:29.953978" elapsed="0.000129"/>
</kw>
<kw name="Click Button" owner="SeleniumLibrary">
<arg>${VALIDATE_OTP_PMS}</arg>
<doc>Clicks the button identified by ``locator``.</doc>
<status status="NOT RUN" start="2024-06-05T18:34:29.954698" elapsed="0.000141"/>
</kw>
<kw name="Sleep" owner="BuiltIn">
<arg>2s</arg>
<doc>Pauses the test executed for the given time.</doc>
<status status="NOT RUN" start="2024-06-05T18:34:29.955419" elapsed="0.000133"/>
</kw>
<kw name="Run Keyword And Return Status" owner="BuiltIn">
<var>${error_exists}</var>
<arg>Page Should Contain</arg>
<arg>Incorrect OTP is provided. Try resending OTP.</arg>
<doc>Runs the given keyword with given arguments and returns the status as a Boolean value.</doc>
<status status="NOT RUN" start="2024-06-05T18:34:29.956234" elapsed="0.000138"/>
</kw>
<kw name="Run Keyword If" owner="BuiltIn">
<arg>${error_exists}</arg>
<arg>Enter OTP And Submit It</arg>
<doc>Runs the given keyword with the given arguments, if ``condition`` is true.</doc>
<status status="NOT RUN" start="2024-06-05T18:34:29.957022" elapsed="0.000133"/>
</kw>
<kw name="Wait Until Element Is Visible" owner="SeleniumLibrary">
<arg>${HOMEPAGE_PMS}</arg>
<doc>Waits until the element ``locator`` is visible.</doc>
<status status="NOT RUN" start="2024-06-05T18:34:29.957735" elapsed="0.000132"/>
</kw>
<status status="FAIL" start="2024-06-05T18:29:19.408861" elapsed="310.549453">No email received within 300s</status>
</kw>
<kw name="Wait Until Element Is Visible" owner="SeleniumLibrary">
<arg>${TO-DO_HOME}</arg>
<arg>${TIMEOUT}</arg>
<doc>Waits until the element ``locator`` is visible.</doc>
<status status="NOT RUN" start="2024-06-05T18:34:29.959378" elapsed="0.000170"/>
</kw>
<kw name="Element Should Contain" owner="SeleniumLibrary">
<arg>${TO-DO_HOME}</arg>
<arg>TO DO's</arg>
<doc>Verifies that element ``locator`` contains text ``expected``.</doc>
<status status="NOT RUN" start="2024-06-05T18:34:29.960530" elapsed="0.000163"/>
</kw>
<kw name="Element Should Contain" owner="SeleniumLibrary">
<arg>${APPOINTMENT_HOME}</arg>
<arg>Appointments</arg>
<doc>Verifies that element ``locator`` contains text ``expected``.</doc>
<status status="NOT RUN" start="2024-06-05T18:34:29.961599" elapsed="0.000159"/>
</kw>
<tag>TC-APP-001</tag>
<status status="FAIL" start="2024-06-05T18:29:19.405787" elapsed="310.556922">No email received within 300s</status>
</test>
<test id="s1-t4" name="Verify the Calender &amp; appointments screen" line="38">
<kw name="Wait Until the Update Icon Disappear" owner="lumate1Resource">
<kw name="Wait Until Element Is Not Visible" owner="SeleniumLibrary">
<kw name="Capture Page Screenshot" owner="SeleniumLibrary">
<msg time="2024-06-05T18:34:29.971822" level="INFO">Cannot capture screenshot because no browser is open.</msg>
<doc>Takes a screenshot of the current page and embeds it into a log file.</doc>
<status status="PASS" start="2024-06-05T18:34:29.971307" elapsed="0.000773"/>
</kw>
<msg time="2024-06-05T18:34:29.972534" level="FAIL">No browser is open.</msg>
<arg>${UpdateIcon}</arg>
<arg>${TIMEOUT_40}</arg>
<doc>Waits until the element ``locator`` is not visible.</doc>
<status status="FAIL" start="2024-06-05T18:34:29.969254" elapsed="0.025583">No browser is open.</status>
</kw>
<status status="FAIL" start="2024-06-05T18:34:29.967716" elapsed="0.027873">No browser is open.</status>
</kw>
<kw name="Wait Until Element Is Visible" owner="SeleniumLibrary">
<arg>${APPOINTMENT_SEC}</arg>
<doc>Waits until the element ``locator`` is visible.</doc>
<status status="NOT RUN" start="2024-06-05T18:34:29.996602" elapsed="0.000169"/>
</kw>
<kw name="Click Element" owner="SeleniumLibrary">
<arg>${APPOINTMENT_SEC}</arg>
<doc>Click the element identified by ``locator``.</doc>
<status status="NOT RUN" start="2024-06-05T18:34:29.997622" elapsed="0.000154"/>
</kw>
<kw name="Wait Until the Update Icon Disappear" owner="lumate1Resource">
<status status="NOT RUN" start="2024-06-05T18:34:29.998890" elapsed="0.000328"/>
</kw>
<kw name="verify elements of TC-APP-002 visible or not" owner="lumate1Resource">
<status status="NOT RUN" start="2024-06-05T18:34:30.001315" elapsed="0.000300"/>
</kw>
<kw name="Wait Until the Update Icon Disappear" owner="lumate1Resource">
<status status="NOT RUN" start="2024-06-05T18:34:30.002929" elapsed="0.000342"/>
</kw>
<tag>TC-APP-002</tag>
<status status="FAIL" start="2024-06-05T18:34:29.964372" elapsed="0.039757">No browser is open.</status>
</test>
<test id="s1-t5" name="Verify the create an appointment button" line="47">
<kw name="Click Element" owner="SeleniumLibrary" type="SETUP">
<msg time="2024-06-05T18:34:30.023485" level="INFO">Clicking element 'xpath://*[@class="menu overflow-hidden"]/ul/div[1]/li[3]'.</msg>
<kw name="Capture Page Screenshot" owner="SeleniumLibrary">
<msg time="2024-06-05T18:34:30.025765" level="INFO">Cannot capture screenshot because no browser is open.</msg>
<doc>Takes a screenshot of the current page and embeds it into a log file.</doc>
<status status="PASS" start="2024-06-05T18:34:30.024305" elapsed="0.001799"/>
</kw>
<msg time="2024-06-05T18:34:30.026559" level="FAIL">No browser is open.</msg>
<arg>${HOME_SEC}</arg>
<doc>Click the element identified by ``locator``.</doc>
<status status="FAIL" start="2024-06-05T18:34:30.022551" elapsed="0.006231">No browser is open.</status>
</kw>
<tag>TC-APP-003</tag>
<status status="FAIL" start="2024-06-05T18:34:30.020360" elapsed="0.009405">Setup failed:
No browser is open.</status>
</test>
<test id="s1-t6" name="Verify View Patient" line="52">
<kw name="Click Element" owner="SeleniumLibrary" type="SETUP">
<msg time="2024-06-05T18:34:30.035802" level="INFO">Clicking element 'xpath://*[@class="menu overflow-hidden"]/ul/div[1]/li[3]'.</msg>
<kw name="Capture Page Screenshot" owner="SeleniumLibrary">
<msg time="2024-06-05T18:34:30.037204" level="INFO">Cannot capture screenshot because no browser is open.</msg>
<doc>Takes a screenshot of the current page and embeds it into a log file.</doc>
<status status="PASS" start="2024-06-05T18:34:30.036680" elapsed="0.000846"/>
</kw>
<msg time="2024-06-05T18:34:30.037970" level="FAIL">No browser is open.</msg>
<arg>${HOME_SEC}</arg>
<doc>Click the element identified by ``locator``.</doc>
<status status="FAIL" start="2024-06-05T18:34:30.034684" elapsed="0.003938">No browser is open.</status>
</kw>
<tag>TC-PCV-001</tag>
<status status="FAIL" start="2024-06-05T18:34:30.031336" elapsed="0.008201">Setup failed:
No browser is open.</status>
</test>
<test id="s1-t7" name="Verify Edit Patient" line="58">
<kw name="Click Element" owner="SeleniumLibrary" type="SETUP">
<msg time="2024-06-05T18:34:30.043532" level="INFO">Clicking element 'xpath://*[@class="menu overflow-hidden"]/ul/div[1]/li[3]'.</msg>
<kw name="Capture Page Screenshot" owner="SeleniumLibrary">
<msg time="2024-06-05T18:34:30.044956" level="INFO">Cannot capture screenshot because no browser is open.</msg>
<doc>Takes a screenshot of the current page and embeds it into a log file.</doc>
<status status="PASS" start="2024-06-05T18:34:30.044320" elapsed="0.000882"/>
</kw>
<msg time="2024-06-05T18:34:30.045529" level="FAIL">No browser is open.</msg>
<arg>${HOME_SEC}</arg>
<doc>Click the element identified by ``locator``.</doc>
<status status="FAIL" start="2024-06-05T18:34:30.042592" elapsed="0.003402">No browser is open.</status>
</kw>
<tag>TC-PCV-002</tag>
<status status="FAIL" start="2024-06-05T18:34:30.040838" elapsed="0.005757">Setup failed:
No browser is open.</status>
</test>
<test id="s1-t8" name="Verify the Basic details screen given under the Demographic section" line="67">
<kw name="Click Element" owner="SeleniumLibrary" type="SETUP">
<msg time="2024-06-05T18:34:30.051759" level="INFO">Clicking element 'xpath://*[@class="menu overflow-hidden"]/ul/div[1]/li[3]'.</msg>
<kw name="Capture Page Screenshot" owner="SeleniumLibrary">
<msg time="2024-06-05T18:34:30.052879" level="INFO">Cannot capture screenshot because no browser is open.</msg>
<doc>Takes a screenshot of the current page and embeds it into a log file.</doc>
<status status="PASS" start="2024-06-05T18:34:30.052426" elapsed="0.000676"/>
</kw>
<msg time="2024-06-05T18:34:30.053470" level="FAIL">No browser is open.</msg>
<arg>${HOME_SEC}</arg>
<doc>Click the element identified by ``locator``.</doc>
<status status="FAIL" start="2024-06-05T18:34:30.050986" elapsed="0.002963">No browser is open.</status>
</kw>
<tag>TC-PCV-003</tag>
<status status="FAIL" start="2024-06-05T18:34:30.047905" elapsed="0.006720">Setup failed:
No browser is open.</status>
</test>
<test id="s1-t9" name="Verify billing tab" line="76">
<kw name="Click Element" owner="SeleniumLibrary" type="SETUP">
<msg time="2024-06-05T18:34:30.057801" level="INFO">Clicking element 'xpath://*[@class="menu overflow-hidden"]/ul/div[1]/li[3]'.</msg>
<kw name="Capture Page Screenshot" owner="SeleniumLibrary">
<msg time="2024-06-05T18:34:30.058665" level="INFO">Cannot capture screenshot because no browser is open.</msg>
<doc>Takes a screenshot of the current page and embeds it into a log file.</doc>
<status status="PASS" start="2024-06-05T18:34:30.058338" elapsed="0.000486"/>
</kw>
<msg time="2024-06-05T18:34:30.059151" level="FAIL">No browser is open.</msg>
<arg>${HOME_SEC}</arg>
<doc>Click the element identified by ``locator``.</doc>
<status status="FAIL" start="2024-06-05T18:34:30.057121" elapsed="0.002435">No browser is open.</status>
</kw>
<tag>TC-PCV-004</tag>
<status status="FAIL" start="2024-06-05T18:34:30.055692" elapsed="0.004432">Setup failed:
No browser is open.</status>
</test>
<test id="s1-t10" name="Change billing status" line="88">
<kw name="Click Element" owner="SeleniumLibrary" type="SETUP">
<msg time="2024-06-05T18:34:30.062695" level="INFO">Clicking element 'xpath://*[@class="menu overflow-hidden"]/ul/div[1]/li[2]'.</msg>
<kw name="Capture Page Screenshot" owner="SeleniumLibrary">
<msg time="2024-06-05T18:34:30.063578" level="INFO">Cannot capture screenshot because no browser is open.</msg>
<doc>Takes a screenshot of the current page and embeds it into a log file.</doc>
<status status="PASS" start="2024-06-05T18:34:30.063235" elapsed="0.000519"/>
</kw>
<msg time="2024-06-05T18:34:30.063998" level="FAIL">No browser is open.</msg>
<arg>${HOME_SEC_ICON}</arg>
<doc>Click the element identified by ``locator``.</doc>
<status status="FAIL" start="2024-06-05T18:34:30.062150" elapsed="0.002175">No browser is open.</status>
</kw>
<tag>TC-PCV-005</tag>
<status status="FAIL" start="2024-06-05T18:34:30.060956" elapsed="0.003826">Setup failed:
No browser is open.</status>
</test>
<test id="s1-t11" name="Verify patient signup" line="102">
<kw name="Open LUMCARE url on browser" owner="lumate2Resource">
<kw name="Open Browser With Options" owner="lumate2Resource">
<kw name="Evaluate" owner="BuiltIn">
<msg time="2024-06-05T18:34:30.070368" level="INFO">${chrome options} = &lt;selenium.webdriver.chrome.options.Options object at 0x7f10810bf340&gt;</msg>
<var>${chrome options}</var>
<arg>sys.modules['selenium.webdriver'].ChromeOptions()</arg>
<arg>sys, selenium.webdriver</arg>
<doc>Evaluates the given expression in Python and returns the result.</doc>
<status status="PASS" start="2024-06-05T18:34:30.069691" elapsed="0.000758"/>
</kw>
<kw name="Split String" owner="String">
<msg time="2024-06-05T18:34:30.071388" level="INFO">${options_list} = ['--headless', '--no-sandbox', '--disable-dev-shm-usage', '--disable-gpu', '--remote-debugging-port=9222', '--disable-software-rasterizer', '--no-first-run', '--disable-background-networking', '--disa...</msg>
<var>${options_list}</var>
<arg>${options}</arg>
<arg>${SPACE}</arg>
<doc>Splits the ``string`` using ``separator`` as a delimiter string.</doc>
<status status="PASS" start="2024-06-05T18:34:30.070833" elapsed="0.000629"/>
</kw>
<for flavor="IN">
<iter>
<kw name="Call Method" owner="BuiltIn">
<arg>${chrome options}</arg>
<arg>add_argument</arg>
<arg>${option}</arg>
<doc>Calls the named method of the given object with the provided arguments.</doc>
<status status="PASS" start="2024-06-05T18:34:30.072366" elapsed="0.000458"/>
</kw>
<var name="${option}">--headless</var>
<status status="PASS" start="2024-06-05T18:34:30.072064" elapsed="0.000899"/>
</iter>
<iter>
<kw name="Call Method" owner="BuiltIn">
<arg>${chrome options}</arg>
<arg>add_argument</arg>
<arg>${option}</arg>
<doc>Calls the named method of the given object with the provided arguments.</doc>
<status status="PASS" start="2024-06-05T18:34:30.073483" elapsed="0.000430"/>
</kw>
<var name="${option}">--no-sandbox</var>
<status status="PASS" start="2024-06-05T18:34:30.073205" elapsed="0.000841"/>
</iter>
<iter>
<kw name="Call Method" owner="BuiltIn">
<arg>${chrome options}</arg>
<arg>add_argument</arg>
<arg>${option}</arg>
<doc>Calls the named method of the given object with the provided arguments.</doc>
<status status="PASS" start="2024-06-05T18:34:30.074642" elapsed="0.000450"/>
</kw>
<var name="${option}">--disable-dev-shm-usage</var>
<status status="PASS" start="2024-06-05T18:34:30.074365" elapsed="0.000861"/>
</iter>
<iter>
<kw name="Call Method" owner="BuiltIn">
<arg>${chrome options}</arg>
<arg>add_argument</arg>
<arg>${option}</arg>
<doc>Calls the named method of the given object with the provided arguments.</doc>
<status status="PASS" start="2024-06-05T18:34:30.075767" elapsed="0.000402"/>
</kw>
<var name="${option}">--disable-gpu</var>
<status status="PASS" start="2024-06-05T18:34:30.075484" elapsed="0.000809"/>
</iter>
<iter>
<kw name="Call Method" owner="BuiltIn">
<arg>${chrome options}</arg>
<arg>add_argument</arg>
<arg>${option}</arg>
<doc>Calls the named method of the given object with the provided arguments.</doc>
<status status="PASS" start="2024-06-05T18:34:30.076761" elapsed="0.000387"/>
</kw>
<var name="${option}">--remote-debugging-port=9222</var>
<status status="PASS" start="2024-06-05T18:34:30.076511" elapsed="0.000759"/>
</iter>
<iter>
<kw name="Call Method" owner="BuiltIn">
<arg>${chrome options}</arg>
<arg>add_argument</arg>
<arg>${option}</arg>
<doc>Calls the named method of the given object with the provided arguments.</doc>
<status status="PASS" start="2024-06-05T18:34:30.077720" elapsed="0.000389"/>
</kw>
<var name="${option}">--disable-software-rasterizer</var>
<status status="PASS" start="2024-06-05T18:34:30.077481" elapsed="0.000745"/>
</iter>
<iter>
<kw name="Call Method" owner="BuiltIn">
<arg>${chrome options}</arg>
<arg>add_argument</arg>
<arg>${option}</arg>
<doc>Calls the named method of the given object with the provided arguments.</doc>
<status status="PASS" start="2024-06-05T18:34:30.078682" elapsed="0.000405"/>
</kw>
<var name="${option}">--no-first-run</var>
<status status="PASS" start="2024-06-05T18:34:30.078436" elapsed="0.000769"/>
</iter>
<iter>
<kw name="Call Method" owner="BuiltIn">
<arg>${chrome options}</arg>
<arg>add_argument</arg>
<arg>${option}</arg>
<doc>Calls the named method of the given object with the provided arguments.</doc>
<status status="PASS" start="2024-06-05T18:34:30.079646" elapsed="0.000371"/>
</kw>
<var name="${option}">--disable-background-networking</var>
<status status="PASS" start="2024-06-05T18:34:30.079413" elapsed="0.000720"/>
</iter>
<iter>
<kw name="Call Method" owner="BuiltIn">
<arg>${chrome options}</arg>
<arg>add_argument</arg>
<arg>${option}</arg>
<doc>Calls the named method of the given object with the provided arguments.</doc>
<status status="PASS" start="2024-06-05T18:34:30.080585" elapsed="0.000376"/>
</kw>
<var name="${option}">--disable-extensions</var>
<status status="PASS" start="2024-06-05T18:34:30.080350" elapsed="0.000738"/>
</iter>
<iter>
<kw name="Call Method" owner="BuiltIn">
<arg>${chrome options}</arg>
<arg>add_argument</arg>
<arg>${option}</arg>
<doc>Calls the named method of the given object with the provided arguments.</doc>
<status status="PASS" start="2024-06-05T18:34:30.081524" elapsed="0.000393"/>
</kw>
<var name="${option}">disable-features=VizDisplayCompositor</var>
<status status="PASS" start="2024-06-05T18:34:30.081295" elapsed="0.000727"/>
</iter>
<var>${option}</var>
<value>@{options_list}</value>
<status status="PASS" start="2024-06-05T18:34:30.071686" elapsed="0.010419"/>
</for>
<kw name="Create Webdriver" owner="SeleniumLibrary">
<msg time="2024-06-05T18:34:30.083293" level="INFO">Creating an instance of the Chrome WebDriver.</msg>
<kw name="Capture Page Screenshot" owner="SeleniumLibrary">
<msg time="2024-06-05T18:34:31.279403" level="INFO">Cannot capture screenshot because no browser is open.</msg>
<doc>Takes a screenshot of the current page and embeds it into a log file.</doc>
<status status="PASS" start="2024-06-05T18:34:31.277346" elapsed="0.002486"/>
</kw>
<msg time="2024-06-05T18:34:31.280677" level="FAIL">WebDriverException: Message: disconnected: unable to connect to renderer
</msg>
<arg>Chrome</arg>
<arg>options=${chrome options}</arg>
<doc>Creates an instance of Selenium WebDriver.</doc>
<status status="FAIL" start="2024-06-05T18:34:30.082409" elapsed="1.199202">WebDriverException: Message: disconnected: unable to connect to renderer
</status>
</kw>
<kw name="Go To" owner="SeleniumLibrary">
<arg>${url}</arg>
<doc>Navigates the current browser window to the provided ``url``.</doc>
<status status="NOT RUN" start="2024-06-05T18:34:31.284128" elapsed="0.000237"/>
</kw>
<arg>${P_PORTAL_URL}</arg>
<arg>${CHROME_OPTIONS}</arg>
<status status="FAIL" start="2024-06-05T18:34:30.068622" elapsed="1.216427">WebDriverException: Message: disconnected: unable to connect to renderer
</status>
</kw>
<kw name="Maximize Browser Window" owner="SeleniumLibrary">
<doc>Maximizes current browser window.</doc>
<status status="NOT RUN" start="2024-06-05T18:34:31.285848" elapsed="0.000153"/>
</kw>
<kw name="Wait Until Element Is Visible" owner="SeleniumLibrary">
<arg>${LOGIN_PAGE_P_PORTAL}</arg>
<arg>15s</arg>
<doc>Waits until the element ``locator`` is visible.</doc>
<status status="NOT RUN" start="2024-06-05T18:34:31.286646" elapsed="0.000140"/>
</kw>
<status status="FAIL" start="2024-06-05T18:34:30.067205" elapsed="1.220169">WebDriverException: Message: disconnected: unable to connect to renderer
</status>
</kw>
<kw name="Fill the credentials and login" owner="lumate2Resource">
<status status="NOT RUN" start="2024-06-05T18:34:31.289094" elapsed="0.000192"/>
</kw>
<kw name="Enter OTP and Submit it" owner="lumate2Resource">
<status status="NOT RUN" start="2024-06-05T18:34:31.290365" elapsed="0.000171"/>
</kw>
<kw name="Select Dependent and Skip profile editing" owner="lumate2Resource">
<status status="NOT RUN" start="2024-06-05T18:34:31.291512" elapsed="0.000169"/>
</kw>
<kw name="Wait Until Element Is Visible" owner="SeleniumLibrary">
<arg>${HOMEPAGE_P_PORTAL}</arg>
<arg>${TIMEOUT}</arg>
<doc>Waits until the element ``locator`` is visible.</doc>
<status status="NOT RUN" start="2024-06-05T18:34:31.292460" elapsed="0.000154"/>
</kw>
<tag>TC-PATIENT-001</tag>
<tag>test:retry(2)</tag>
<status status="FAIL" start="2024-06-05T18:34:30.065519" elapsed="1.228186">WebDriverException: Message: disconnected: unable to connect to renderer
</status>
</test>
<test id="s1-t12" name="Add consent forms" line="110">
<kw name="Wait Until Element Is Visible" owner="SeleniumLibrary">
<kw name="Capture Page Screenshot" owner="SeleniumLibrary">
<msg time="2024-06-05T18:34:31.298242" level="INFO">Cannot capture screenshot because no browser is open.</msg>
<doc>Takes a screenshot of the current page and embeds it into a log file.</doc>
<status status="PASS" start="2024-06-05T18:34:31.297818" elapsed="0.000610"/>
</kw>
<msg time="2024-06-05T18:34:31.298797" level="FAIL">No browser is open.</msg>
<arg>${VIEW_CONSENT}</arg>
<arg>${TIMEOUT}</arg>
<doc>Waits until the element ``locator`` is visible.</doc>
<status status="FAIL" start="2024-06-05T18:34:31.296166" elapsed="0.003485">No browser is open.</status>
</kw>
<kw name="Wait Until the Update Icon Disappear" owner="lumate2Resource">
<status status="NOT RUN" start="2024-06-05T18:34:31.300977" elapsed="0.000761"/>
</kw>
<kw name="Click Element" owner="SeleniumLibrary">
<arg>${VIEW_CONSENT}</arg>
<doc>Click the element identified by ``locator``.</doc>
<status status="NOT RUN" start="2024-06-05T18:34:31.302258" elapsed="0.000095"/>
</kw>
<kw name="Wait Until the Update Icon Disappear" owner="lumate2Resource">
<status status="NOT RUN" start="2024-06-05T18:34:31.302896" elapsed="0.000091"/>
</kw>
<kw name="Element Should Be Visible" owner="SeleniumLibrary">
<arg>${CONSENTS}</arg>
<doc>Verifies that the element identified by ``locator`` is visible.</doc>
<status status="NOT RUN" start="2024-06-05T18:34:31.303494" elapsed="0.000087"/>
</kw>
<tag>TC-PATIENT-002</tag>
<status status="FAIL" start="2024-06-05T18:34:31.294675" elapsed="0.009346">No browser is open.</status>
</test>
<test id="s1-t13" name="Bill payment" line="118">
<kw name="Wait Until the Update Icon Disappear" owner="lumate2Resource">
<kw name="Wait Until Element Is Not Visible" owner="SeleniumLibrary">
<kw name="Capture Page Screenshot" owner="SeleniumLibrary">
<msg time="2024-06-05T18:34:31.308325" level="INFO">Cannot capture screenshot because no browser is open.</msg>
<doc>Takes a screenshot of the current page and embeds it into a log file.</doc>
<status status="PASS" start="2024-06-05T18:34:31.307825" elapsed="0.000739"/>
</kw>
<msg time="2024-06-05T18:34:31.308990" level="FAIL">No browser is open.</msg>
<arg>${UpdateIcon}</arg>
<arg>${TIMEOUT}</arg>
<doc>Waits until the element ``locator`` is not visible.</doc>
<status status="FAIL" start="2024-06-05T18:34:31.306695" elapsed="0.002779">No browser is open.</status>
</kw>
<status status="FAIL" start="2024-06-05T18:34:31.305712" elapsed="0.004121">No browser is open.</status>
</kw>
<kw name="Click Element" owner="SeleniumLibrary">
<arg>${HOME_SECTION}</arg>
<doc>Click the element identified by ``locator``.</doc>
<status status="NOT RUN" start="2024-06-05T18:34:31.310257" elapsed="0.000077"/>
</kw>
<kw name="Payment Of Clinician1" owner="lumate2Resource">
<status status="NOT RUN" start="2024-06-05T18:34:31.310812" elapsed="0.000075"/>
</kw>
<kw name="Close Browser" owner="SeleniumLibrary">
<doc>Closes the current browser.</doc>
<status status="NOT RUN" start="2024-06-05T18:34:31.311245" elapsed="0.000071"/>
</kw>
<tag>TC-PATIENT-003</tag>
<status status="FAIL" start="2024-06-05T18:34:31.304730" elapsed="0.006935">No browser is open.</status>
</test>
<status status="FAIL" start="2024-06-05T18:29:16.968198" elapsed="314.344476"/>
</suite>
<statistics>
<total>
<stat pass="0" fail="13" skip="0">All Tests</stat>
</total>
<tag>
<stat pass="0" fail="1" skip="0">TC-APP-001</stat>
<stat pass="0" fail="1" skip="0">TC-APP-002</stat>
<stat pass="0" fail="1" skip="0">TC-APP-003</stat>
<stat pass="0" fail="1" skip="0">TC-PATIENT-001</stat>
<stat pass="0" fail="1" skip="0">TC-PATIENT-002</stat>
<stat pass="0" fail="1" skip="0">TC-PATIENT-003</stat>
<stat pass="0" fail="1" skip="0">TC-PCV-001</stat>
<stat pass="0" fail="1" skip="0">TC-PCV-002</stat>
<stat pass="0" fail="1" skip="0">TC-PCV-003</stat>
<stat pass="0" fail="1" skip="0">TC-PCV-004</stat>
<stat pass="0" fail="1" skip="0">TC-PCV-005</stat>
<stat pass="0" fail="1" skip="0">TC-PMS-001</stat>
<stat pass="0" fail="1" skip="0">TC-PMS-005</stat>
<stat pass="0" fail="1" skip="0">test:retry(2)</stat>
</tag>
<suite>
<stat pass="0" fail="13" skip="0" id="s1" name="lumateTest">lumateTest</stat>
</suite>
</statistics>
<errors>
</errors>
</robot>
