<?xml version="1.0" encoding="UTF-8"?>
<robot generator="Robot 7.0 (Python 3.8.10 on linux)" generated="2024-06-05T18:25:01.476145" rpa="false" schemaversion="5">
<suite id="s1" name="lumateTest" source="/home/ridham/PycharmProjects/LUMATE-AUTOMATION_Jenkins/TestCases/lumateTest.robot">
<test id="s1-t1" name="Verify that the user is able to Log in to the Portal with correct credentials" line="19">
<kw name="Open PMS url on browser" owner="lumate1Resource">
<kw name="Open Browser With Options" owner="lumate1Resource">
<kw name="Evaluate" owner="BuiltIn">
<msg time="2024-06-05T18:25:01.786434" level="INFO">${chrome options} = &lt;selenium.webdriver.chrome.options.Options object at 0x7f388f509d00&gt;</msg>
<var>${chrome options}</var>
<arg>sys.modules['selenium.webdriver'].ChromeOptions()</arg>
<arg>sys, selenium.webdriver</arg>
<doc>Evaluates the given expression in Python and returns the result.</doc>
<status status="PASS" start="2024-06-05T18:25:01.786002" elapsed="0.000493"/>
</kw>
<kw name="Split String" owner="String">
<msg time="2024-06-05T18:25:01.787085" level="INFO">${options_list} = ['--headless', '--no-sandbox', '--disable-dev-shm-usage', '--disable-gpu', '--remote-debugging-port=9222', '--disable-software-rasterizer', '--no-first-run', '--disable-background-networking', '--disa...</msg>
<var>${options_list}</var>
<arg>${options}</arg>
<arg>${SPACE}</arg>
<doc>Splits the ``string`` using ``separator`` as a delimiter string.</doc>
<status status="PASS" start="2024-06-05T18:25:01.786758" elapsed="0.000375"/>
</kw>
<for flavor="IN">
<iter>
<kw name="Call Method" owner="BuiltIn">
<arg>${chrome options}</arg>
<arg>add_argument</arg>
<arg>${option}</arg>
<doc>Calls the named method of the given object with the provided arguments.</doc>
<status status="PASS" start="2024-06-05T18:25:01.787700" elapsed="0.000264"/>
</kw>
<var name="${option}">--headless</var>
<status status="PASS" start="2024-06-05T18:25:01.787506" elapsed="0.000553"/>
</iter>
<iter>
<kw name="Call Method" owner="BuiltIn">
<arg>${chrome options}</arg>
<arg>add_argument</arg>
<arg>${option}</arg>
<doc>Calls the named method of the given object with the provided arguments.</doc>
<status status="PASS" start="2024-06-05T18:25:01.789128" elapsed="0.000360"/>
</kw>
<var name="${option}">--no-sandbox</var>
<status status="PASS" start="2024-06-05T18:25:01.788210" elapsed="0.001411"/>
</iter>
<iter>
<kw name="Call Method" owner="BuiltIn">
<arg>${chrome options}</arg>
<arg>add_argument</arg>
<arg>${option}</arg>
<doc>Calls the named method of the given object with the provided arguments.</doc>
<status status="PASS" start="2024-06-05T18:25:01.789971" elapsed="0.000236"/>
</kw>
<var name="${option}">--disable-dev-shm-usage</var>
<status status="PASS" start="2024-06-05T18:25:01.789778" elapsed="0.000501"/>
</iter>
<iter>
<kw name="Call Method" owner="BuiltIn">
<arg>${chrome options}</arg>
<arg>add_argument</arg>
<arg>${option}</arg>
<doc>Calls the named method of the given object with the provided arguments.</doc>
<status status="PASS" start="2024-06-05T18:25:01.790640" elapsed="0.000346"/>
</kw>
<var name="${option}">--disable-gpu</var>
<status status="PASS" start="2024-06-05T18:25:01.790403" elapsed="0.000683"/>
</iter>
<iter>
<kw name="Call Method" owner="BuiltIn">
<arg>${chrome options}</arg>
<arg>add_argument</arg>
<arg>${option}</arg>
<doc>Calls the named method of the given object with the provided arguments.</doc>
<status status="PASS" start="2024-06-05T18:25:01.791354" elapsed="0.000247"/>
</kw>
<var name="${option}">--remote-debugging-port=9222</var>
<status status="PASS" start="2024-06-05T18:25:01.791215" elapsed="0.000479"/>
</iter>
<iter>
<kw name="Call Method" owner="BuiltIn">
<arg>${chrome options}</arg>
<arg>add_argument</arg>
<arg>${option}</arg>
<doc>Calls the named method of the given object with the provided arguments.</doc>
<status status="PASS" start="2024-06-05T18:25:01.792120" elapsed="0.000274"/>
</kw>
<var name="${option}">--disable-software-rasterizer</var>
<status status="PASS" start="2024-06-05T18:25:01.791871" elapsed="0.000623"/>
</iter>
<iter>
<kw name="Call Method" owner="BuiltIn">
<arg>${chrome options}</arg>
<arg>add_argument</arg>
<arg>${option}</arg>
<doc>Calls the named method of the given object with the provided arguments.</doc>
<status status="PASS" start="2024-06-05T18:25:01.792792" elapsed="0.000275"/>
</kw>
<var name="${option}">--no-first-run</var>
<status status="PASS" start="2024-06-05T18:25:01.792638" elapsed="0.000502"/>
</iter>
<iter>
<kw name="Call Method" owner="BuiltIn">
<arg>${chrome options}</arg>
<arg>add_argument</arg>
<arg>${option}</arg>
<doc>Calls the named method of the given object with the provided arguments.</doc>
<status status="PASS" start="2024-06-05T18:25:01.793420" elapsed="0.000224"/>
</kw>
<var name="${option}">--disable-background-networking</var>
<status status="PASS" start="2024-06-05T18:25:01.793263" elapsed="0.000440"/>
</iter>
<iter>
<kw name="Call Method" owner="BuiltIn">
<arg>${chrome options}</arg>
<arg>add_argument</arg>
<arg>${option}</arg>
<doc>Calls the named method of the given object with the provided arguments.</doc>
<status status="PASS" start="2024-06-05T18:25:01.793943" elapsed="0.000223"/>
</kw>
<var name="${option}">--disable-extensions</var>
<status status="PASS" start="2024-06-05T18:25:01.793813" elapsed="0.000412"/>
</iter>
<iter>
<kw name="Call Method" owner="BuiltIn">
<arg>${chrome options}</arg>
<arg>add_argument</arg>
<arg>${option}</arg>
<doc>Calls the named method of the given object with the provided arguments.</doc>
<status status="PASS" start="2024-06-05T18:25:01.794467" elapsed="0.000204"/>
</kw>
<var name="${option}">disable-features=VizDisplayCompositor</var>
<status status="PASS" start="2024-06-05T18:25:01.794331" elapsed="0.000403"/>
</iter>
<var>${option}</var>
<value>@{options_list}</value>
<status status="PASS" start="2024-06-05T18:25:01.787267" elapsed="0.007512"/>
</for>
<kw name="Create Webdriver" owner="SeleniumLibrary">
<msg time="2024-06-05T18:25:01.795232" level="INFO">Creating an instance of the Chrome WebDriver.</msg>
<kw name="Capture Page Screenshot" owner="SeleniumLibrary">
<msg time="2024-06-05T18:25:02.919790" level="INFO">Cannot capture screenshot because no browser is open.</msg>
<doc>Takes a screenshot of the current page and embeds it into a log file.</doc>
<status status="PASS" start="2024-06-05T18:25:02.917954" elapsed="0.002321"/>
</kw>
<msg time="2024-06-05T18:25:02.921406" level="FAIL">WebDriverException: Message: disconnected: unable to connect to renderer
</msg>
<arg>Chrome</arg>
<arg>options=${chrome options}</arg>
<doc>Creates an instance of Selenium WebDriver.</doc>
<status status="FAIL" start="2024-06-05T18:25:01.794953" elapsed="1.157591">WebDriverException: Message: disconnected: unable to connect to renderer
</status>
</kw>
<kw name="Go To" owner="SeleniumLibrary">
<arg>${url}</arg>
<doc>Navigates the current browser window to the provided ``url``.</doc>
<status status="NOT RUN" start="2024-06-05T18:25:02.953328" elapsed="0.000142"/>
</kw>
<arg>${PMS_URL}</arg>
<arg>${CHROME_OPTIONS}</arg>
<status status="FAIL" start="2024-06-05T18:25:01.783914" elapsed="1.170052">WebDriverException: Message: disconnected: unable to connect to renderer
</status>
</kw>
<kw name="Maximize Browser Window" owner="SeleniumLibrary">
<doc>Maximizes current browser window.</doc>
<status status="NOT RUN" start="2024-06-05T18:25:02.954491" elapsed="0.000097"/>
</kw>
<kw name="Wait Until Element Is Visible" owner="SeleniumLibrary">
<arg>${LOGIN_PAGE_PMS}</arg>
<arg>15s</arg>
<doc>Waits until the element ``locator`` is visible.</doc>
<status status="NOT RUN" start="2024-06-05T18:25:02.955262" elapsed="0.000134"/>
</kw>
<status status="FAIL" start="2024-06-05T18:25:01.783151" elapsed="1.172781">WebDriverException: Message: disconnected: unable to connect to renderer
</status>
</kw>
<kw name="Fill the credentials and login" owner="lumate1Resource">
<status status="NOT RUN" start="2024-06-05T18:25:02.957125" elapsed="0.000103"/>
</kw>
<kw name="Close Browser" owner="SeleniumLibrary" type="TEARDOWN">
<doc>Closes the current browser.</doc>
<status status="PASS" start="2024-06-05T18:25:02.958281" elapsed="0.000401"/>
</kw>
<tag>TC-PMS-001</tag>
<status status="FAIL" start="2024-06-05T18:25:01.781667" elapsed="1.177388">WebDriverException: Message: disconnected: unable to connect to renderer
</status>
</test>
<test id="s1-t2" name="Verify that the user gets redirected to enter OTP page when entered the correct credentials." line="25">
<kw name="Open PMS url on browser" owner="lumate1Resource">
<kw name="Open Browser With Options" owner="lumate1Resource">
<kw name="Evaluate" owner="BuiltIn">
<msg time="2024-06-05T18:25:02.964740" level="INFO">${chrome options} = &lt;selenium.webdriver.chrome.options.Options object at 0x7f388f440670&gt;</msg>
<var>${chrome options}</var>
<arg>sys.modules['selenium.webdriver'].ChromeOptions()</arg>
<arg>sys, selenium.webdriver</arg>
<doc>Evaluates the given expression in Python and returns the result.</doc>
<status status="PASS" start="2024-06-05T18:25:02.964053" elapsed="0.000775"/>
</kw>
<kw name="Split String" owner="String">
<msg time="2024-06-05T18:25:02.965504" level="INFO">${options_list} = ['--headless', '--no-sandbox', '--disable-dev-shm-usage', '--disable-gpu', '--remote-debugging-port=9222', '--disable-software-rasterizer', '--no-first-run', '--disable-background-networking', '--disa...</msg>
<var>${options_list}</var>
<arg>${options}</arg>
<arg>${SPACE}</arg>
<doc>Splits the ``string`` using ``separator`` as a delimiter string.</doc>
<status status="PASS" start="2024-06-05T18:25:02.965124" elapsed="0.000436"/>
</kw>
<for flavor="IN">
<iter>
<kw name="Call Method" owner="BuiltIn">
<arg>${chrome options}</arg>
<arg>add_argument</arg>
<arg>${option}</arg>
<doc>Calls the named method of the given object with the provided arguments.</doc>
<status status="PASS" start="2024-06-05T18:25:02.966204" elapsed="0.000296"/>
</kw>
<var name="${option}">--headless</var>
<status status="PASS" start="2024-06-05T18:25:02.965989" elapsed="0.000596"/>
</iter>
<iter>
<kw name="Call Method" owner="BuiltIn">
<arg>${chrome options}</arg>
<arg>add_argument</arg>
<arg>${option}</arg>
<doc>Calls the named method of the given object with the provided arguments.</doc>
<status status="PASS" start="2024-06-05T18:25:02.967124" elapsed="0.000571"/>
</kw>
<var name="${option}">--no-sandbox</var>
<status status="PASS" start="2024-06-05T18:25:02.966771" elapsed="0.001051"/>
</iter>
<iter>
<kw name="Call Method" owner="BuiltIn">
<arg>${chrome options}</arg>
<arg>add_argument</arg>
<arg>${option}</arg>
<doc>Calls the named method of the given object with the provided arguments.</doc>
<status status="PASS" start="2024-06-05T18:25:02.968287" elapsed="0.000396"/>
</kw>
<var name="${option}">--disable-dev-shm-usage</var>
<status status="PASS" start="2024-06-05T18:25:02.968051" elapsed="0.000759"/>
</iter>
<iter>
<kw name="Call Method" owner="BuiltIn">
<arg>${chrome options}</arg>
<arg>add_argument</arg>
<arg>${option}</arg>
<doc>Calls the named method of the given object with the provided arguments.</doc>
<status status="PASS" start="2024-06-05T18:25:02.969247" elapsed="0.000367"/>
</kw>
<var name="${option}">--disable-gpu</var>
<status status="PASS" start="2024-06-05T18:25:02.969000" elapsed="0.000714"/>
</iter>
<iter>
<kw name="Call Method" owner="BuiltIn">
<arg>${chrome options}</arg>
<arg>add_argument</arg>
<arg>${option}</arg>
<doc>Calls the named method of the given object with the provided arguments.</doc>
<status status="PASS" start="2024-06-05T18:25:02.970120" elapsed="0.000318"/>
</kw>
<var name="${option}">--remote-debugging-port=9222</var>
<status status="PASS" start="2024-06-05T18:25:02.969883" elapsed="0.000650"/>
</iter>
<iter>
<kw name="Call Method" owner="BuiltIn">
<arg>${chrome options}</arg>
<arg>add_argument</arg>
<arg>${option}</arg>
<doc>Calls the named method of the given object with the provided arguments.</doc>
<status status="PASS" start="2024-06-05T18:25:02.971092" elapsed="0.000595"/>
</kw>
<var name="${option}">--disable-software-rasterizer</var>
<status status="PASS" start="2024-06-05T18:25:02.970769" elapsed="0.001091"/>
</iter>
<iter>
<kw name="Call Method" owner="BuiltIn">
<arg>${chrome options}</arg>
<arg>add_argument</arg>
<arg>${option}</arg>
<doc>Calls the named method of the given object with the provided arguments.</doc>
<status status="PASS" start="2024-06-05T18:25:02.972512" elapsed="0.000543"/>
</kw>
<var name="${option}">--no-first-run</var>
<status status="PASS" start="2024-06-05T18:25:02.972219" elapsed="0.001022"/>
</iter>
<iter>
<kw name="Call Method" owner="BuiltIn">
<arg>${chrome options}</arg>
<arg>add_argument</arg>
<arg>${option}</arg>
<doc>Calls the named method of the given object with the provided arguments.</doc>
<status status="PASS" start="2024-06-05T18:25:02.973922" elapsed="0.000648"/>
</kw>
<var name="${option}">--disable-background-networking</var>
<status status="PASS" start="2024-06-05T18:25:02.973542" elapsed="0.001169"/>
</iter>
<iter>
<kw name="Call Method" owner="BuiltIn">
<arg>${chrome options}</arg>
<arg>add_argument</arg>
<arg>${option}</arg>
<doc>Calls the named method of the given object with the provided arguments.</doc>
<status status="PASS" start="2024-06-05T18:25:02.975155" elapsed="0.000297"/>
</kw>
<var name="${option}">--disable-extensions</var>
<status status="PASS" start="2024-06-05T18:25:02.974932" elapsed="0.000604"/>
</iter>
<iter>
<kw name="Call Method" owner="BuiltIn">
<arg>${chrome options}</arg>
<arg>add_argument</arg>
<arg>${option}</arg>
<doc>Calls the named method of the given object with the provided arguments.</doc>
<status status="PASS" start="2024-06-05T18:25:02.975877" elapsed="0.000381"/>
</kw>
<var name="${option}">disable-features=VizDisplayCompositor</var>
<status status="PASS" start="2024-06-05T18:25:02.975690" elapsed="0.000686"/>
</iter>
<var>${option}</var>
<value>@{options_list}</value>
<status status="PASS" start="2024-06-05T18:25:02.965730" elapsed="0.010720"/>
</for>
<kw name="Create Webdriver" owner="SeleniumLibrary">
<msg time="2024-06-05T18:25:02.976985" level="INFO">Creating an instance of the Chrome WebDriver.</msg>
<kw name="Capture Page Screenshot" owner="SeleniumLibrary">
<msg time="2024-06-05T18:25:04.067524" level="INFO">Cannot capture screenshot because no browser is open.</msg>
<doc>Takes a screenshot of the current page and embeds it into a log file.</doc>
<status status="PASS" start="2024-06-05T18:25:04.065581" elapsed="0.002370"/>
</kw>
<msg time="2024-06-05T18:25:04.068742" level="FAIL">WebDriverException: Message: disconnected: unable to connect to renderer
</msg>
<arg>Chrome</arg>
<arg>options=${chrome options}</arg>
<doc>Creates an instance of Selenium WebDriver.</doc>
<status status="FAIL" start="2024-06-05T18:25:02.976676" elapsed="1.092935">WebDriverException: Message: disconnected: unable to connect to renderer
</status>
</kw>
<kw name="Go To" owner="SeleniumLibrary">
<arg>${url}</arg>
<doc>Navigates the current browser window to the provided ``url``.</doc>
<status status="NOT RUN" start="2024-06-05T18:25:04.070459" elapsed="0.000154"/>
</kw>
<arg>${PMS_URL}</arg>
<arg>${CHROME_OPTIONS}</arg>
<status status="FAIL" start="2024-06-05T18:25:02.962384" elapsed="1.108957">WebDriverException: Message: disconnected: unable to connect to renderer
</status>
</kw>
<kw name="Maximize Browser Window" owner="SeleniumLibrary">
<doc>Maximizes current browser window.</doc>
<status status="NOT RUN" start="2024-06-05T18:25:04.072647" elapsed="0.000563"/>
</kw>
<kw name="Wait Until Element Is Visible" owner="SeleniumLibrary">
<arg>${LOGIN_PAGE_PMS}</arg>
<arg>15s</arg>
<doc>Waits until the element ``locator`` is visible.</doc>
<status status="NOT RUN" start="2024-06-05T18:25:04.074044" elapsed="0.000172"/>
</kw>
<status status="FAIL" start="2024-06-05T18:25:02.961390" elapsed="1.113357">WebDriverException: Message: disconnected: unable to connect to renderer
</status>
</kw>
<kw name="Fill the credentials and login" owner="lumate1Resource">
<status status="NOT RUN" start="2024-06-05T18:25:04.076866" elapsed="0.000199"/>
</kw>
<kw name="Wait Until Element Contains" owner="SeleniumLibrary">
<arg>${OTP_PAGE}</arg>
<arg>Almost There</arg>
<arg>${TIMEOUT}</arg>
<doc>Waits until the element ``locator`` contains ``text``.</doc>
<status status="NOT RUN" start="2024-06-05T18:25:04.078023" elapsed="0.000166"/>
</kw>
<tag>TC-PMS-005</tag>
<status status="FAIL" start="2024-06-05T18:25:02.959849" elapsed="1.119839">WebDriverException: Message: disconnected: unable to connect to renderer
</status>
</test>
<test id="s1-t3" name="Verify the clinician Home Page" line="31">
<kw name="Enter OTP and Submit it" owner="lumate1Resource">
<kw name="Wait for OTP Email" owner="lumate1Resource">
<kw name="Open Mailbox" owner="ImapLibrary2">
<arg>host=${EMAIL_SERVER}</arg>
<arg>user=${EMAIL_USERNAME}</arg>
<arg>password=${EMAIL_PASSWORD}</arg>
<doc>Open IMAP email client session to given ``host`` with given ``user`` and ``password``.</doc>
<status status="PASS" start="2024-06-05T18:25:04.089047" elapsed="1.838770"/>
</kw>
<kw name="Wait For Email" owner="ImapLibrary2">
<var>${email_index}</var>
<arg>sender=${SENDER_USERNAME}</arg>
<arg>status=UNSEEN</arg>
<arg>timeout=300</arg>
<doc>Wait for email message to arrived base on any given filter criteria.
Returns email index of the latest email message received.</doc>
<status status="FAIL" start="2024-06-05T18:25:05.928859" elapsed="3.292764">Execution terminated by signal</status>
</kw>
<kw name="Get Email Body" owner="ImapLibrary2">
<var>${email_body}</var>
<arg>${email_index}</arg>
<doc>Returns the decoded email body on multipart email message,
otherwise returns the body text.</doc>
<status status="NOT RUN" start="2024-06-05T18:25:09.223165" elapsed="0.000284"/>
</kw>
<kw name="Get Regexp Matches" owner="String">
<var>${otp}</var>
<arg>${email_body}</arg>
<arg>\\b\\d{6}\\b</arg>
<doc>Returns a list of all non-overlapping matches in the given string.</doc>
<status status="NOT RUN" start="2024-06-05T18:25:09.224535" elapsed="0.001254"/>
</kw>
<kw name="Delete Email" owner="ImapLibrary2">
<arg>${email_index}</arg>
<doc>Delete email on given ``email_index``.</doc>
<status status="NOT RUN" start="2024-06-05T18:25:09.226632" elapsed="0.000151"/>
</kw>
<kw name="Log" owner="BuiltIn">
<arg>OTP received: ${otp}</arg>
<doc>Logs the given message with the given level.</doc>
<status status="NOT RUN" start="2024-06-05T18:25:09.227658" elapsed="0.000252"/>
</kw>
<return>
<value>${otp}[3]</value>
<status status="NOT RUN" start="2024-06-05T18:25:09.228463" elapsed="0.000247"/>
</return>
<var>${otp}</var>
<status status="FAIL" start="2024-06-05T18:25:04.086817" elapsed="5.142568">Execution terminated by signal</status>
</kw>
<kw name="Wait Until Element Is Visible" owner="SeleniumLibrary">
<arg>${OTP_CLICK}</arg>
<arg>15s</arg>
<doc>Waits until the element ``locator`` is visible.</doc>
<status status="NOT RUN" start="2024-06-05T18:25:09.230578" elapsed="0.000281"/>
</kw>
<kw name="Click Element" owner="SeleniumLibrary">
<arg>${OTP_CLICK}</arg>
<doc>Click the element identified by ``locator``.</doc>
<status status="NOT RUN" start="2024-06-05T18:25:09.231969" elapsed="0.000213"/>
</kw>
<kw name="Wait Until Element Is Visible" owner="SeleniumLibrary">
<arg>${OTP_PAGE}</arg>
<arg>${TIMEOUT}</arg>
<doc>Waits until the element ``locator`` is visible.</doc>
<status status="NOT RUN" start="2024-06-05T18:25:09.233097" elapsed="0.000187"/>
</kw>
<kw name="Wait Until Element Is Visible" owner="SeleniumLibrary">
<arg>${OTP_PMS}</arg>
<arg>${TIMEOUT}</arg>
<doc>Waits until the element ``locator`` is visible.</doc>
<status status="NOT RUN" start="2024-06-05T18:25:09.234161" elapsed="0.000169"/>
</kw>
<kw name="Input Text" owner="SeleniumLibrary">
<arg>${OTP_PMS}</arg>
<arg>${otp}</arg>
<doc>Types the given ``text`` into the text field identified by ``locator``.</doc>
<status status="NOT RUN" start="2024-06-05T18:25:09.235177" elapsed="0.000226"/>
</kw>
<kw name="Click Button" owner="SeleniumLibrary">
<arg>${VALIDATE_OTP_PMS}</arg>
<doc>Clicks the button identified by ``locator``.</doc>
<status status="NOT RUN" start="2024-06-05T18:25:09.236080" elapsed="0.000726"/>
</kw>
<kw name="Sleep" owner="BuiltIn">
<arg>2s</arg>
<doc>Pauses the test executed for the given time.</doc>
<status status="NOT RUN" start="2024-06-05T18:25:09.237817" elapsed="0.000280"/>
</kw>
<kw name="Run Keyword And Return Status" owner="BuiltIn">
<var>${error_exists}</var>
<arg>Page Should Contain</arg>
<arg>Incorrect OTP is provided. Try resending OTP.</arg>
<doc>Runs the given keyword with given arguments and returns the status as a Boolean value.</doc>
<status status="NOT RUN" start="2024-06-05T18:25:09.239301" elapsed="0.000231"/>
</kw>
<kw name="Run Keyword If" owner="BuiltIn">
<arg>${error_exists}</arg>
<arg>Enter OTP And Submit It</arg>
<doc>Runs the given keyword with the given arguments, if ``condition`` is true.</doc>
<status status="NOT RUN" start="2024-06-05T18:25:09.240849" elapsed="0.000296"/>
</kw>
<kw name="Wait Until Element Is Visible" owner="SeleniumLibrary">
<arg>${HOMEPAGE_PMS}</arg>
<doc>Waits until the element ``locator`` is visible.</doc>
<status status="NOT RUN" start="2024-06-05T18:25:09.242240" elapsed="0.000168"/>
</kw>
<status status="FAIL" start="2024-06-05T18:25:04.084004" elapsed="5.158860">Execution terminated by signal</status>
</kw>
<kw name="Wait Until Element Is Visible" owner="SeleniumLibrary">
<arg>${TO-DO_HOME}</arg>
<arg>${TIMEOUT}</arg>
<doc>Waits until the element ``locator`` is visible.</doc>
<status status="NOT RUN" start="2024-06-05T18:25:09.244173" elapsed="0.000280"/>
</kw>
<kw name="Element Should Contain" owner="SeleniumLibrary">
<arg>${TO-DO_HOME}</arg>
<arg>TO DO's</arg>
<doc>Verifies that element ``locator`` contains text ``expected``.</doc>
<status status="NOT RUN" start="2024-06-05T18:25:09.246167" elapsed="0.000287"/>
</kw>
<kw name="Element Should Contain" owner="SeleniumLibrary">
<arg>${APPOINTMENT_HOME}</arg>
<arg>Appointments</arg>
<doc>Verifies that element ``locator`` contains text ``expected``.</doc>
<status status="NOT RUN" start="2024-06-05T18:25:09.247884" elapsed="0.000293"/>
</kw>
<tag>TC-APP-001</tag>
<status status="FAIL" start="2024-06-05T18:25:04.081502" elapsed="5.167998">Execution terminated by signal</status>
</test>
<test id="s1-t4" name="Verify the Calender &amp; appointments screen" line="38">
<tag>robot:exit</tag>
<tag>TC-APP-002</tag>
<status status="FAIL" start="2024-06-05T18:25:09.251616" elapsed="0.002627">Test execution stopped due to a fatal error.</status>
</test>
<test id="s1-t5" name="Verify the create an appointment button" line="47">
<tag>robot:exit</tag>
<tag>TC-APP-003</tag>
<status status="FAIL" start="2024-06-05T18:25:09.256447" elapsed="0.002334">Test execution stopped due to a fatal error.</status>
</test>
<test id="s1-t6" name="Verify View Patient" line="52">
<tag>robot:exit</tag>
<tag>TC-PCV-001</tag>
<status status="FAIL" start="2024-06-05T18:25:09.261552" elapsed="0.002661">Test execution stopped due to a fatal error.</status>
</test>
<test id="s1-t7" name="Verify Edit Patient" line="58">
<tag>robot:exit</tag>
<tag>TC-PCV-002</tag>
<status status="FAIL" start="2024-06-05T18:25:09.265876" elapsed="0.002063">Test execution stopped due to a fatal error.</status>
</test>
<test id="s1-t8" name="Verify the Basic details screen given under the Demographic section" line="67">
<tag>robot:exit</tag>
<tag>TC-PCV-003</tag>
<status status="FAIL" start="2024-06-05T18:25:09.269499" elapsed="0.003158">Test execution stopped due to a fatal error.</status>
</test>
<test id="s1-t9" name="Verify billing tab" line="76">
<tag>robot:exit</tag>
<tag>TC-PCV-004</tag>
<status status="FAIL" start="2024-06-05T18:25:09.274756" elapsed="0.002506">Test execution stopped due to a fatal error.</status>
</test>
<test id="s1-t10" name="Change billing status" line="88">
<tag>robot:exit</tag>
<tag>TC-PCV-005</tag>
<status status="FAIL" start="2024-06-05T18:25:09.278840" elapsed="0.002632">Test execution stopped due to a fatal error.</status>
</test>
<test id="s1-t11" name="Verify patient signup" line="102">
<tag>robot:exit</tag>
<tag>TC-PATIENT-001</tag>
<tag>test:retry(2)</tag>
<status status="FAIL" start="2024-06-05T18:25:09.283140" elapsed="0.002720">Test execution stopped due to a fatal error.</status>
</test>
<test id="s1-t12" name="Add consent forms" line="110">
<tag>robot:exit</tag>
<tag>TC-PATIENT-002</tag>
<status status="FAIL" start="2024-06-05T18:25:09.287783" elapsed="0.002830">Test execution stopped due to a fatal error.</status>
</test>
<test id="s1-t13" name="Bill payment" line="118">
<tag>robot:exit</tag>
<tag>TC-PATIENT-003</tag>
<status status="FAIL" start="2024-06-05T18:25:09.292676" elapsed="0.002080">Test execution stopped due to a fatal error.</status>
</test>
<status status="FAIL" start="2024-06-05T18:25:01.477059" elapsed="7.820604"/>
</suite>
<statistics>
<total>
<stat pass="0" fail="13" skip="0">All Tests</stat>
</total>
<tag>
<stat pass="0" fail="3" skip="0" info="combined" combined="NOT robot:exit">NOT robot:exit</stat>
<stat pass="0" fail="1" skip="0">TC-APP-001</stat>
<stat pass="0" fail="1" skip="0">TC-APP-002</stat>
<stat pass="0" fail="1" skip="0">TC-APP-003</stat>
<stat pass="0" fail="1" skip="0">TC-PATIENT-001</stat>
<stat pass="0" fail="1" skip="0">TC-PATIENT-002</stat>
<stat pass="0" fail="1" skip="0">TC-PATIENT-003</stat>
<stat pass="0" fail="1" skip="0">TC-PCV-001</stat>
<stat pass="0" fail="1" skip="0">TC-PCV-002</stat>
<stat pass="0" fail="1" skip="0">TC-PCV-003</stat>
<stat pass="0" fail="1" skip="0">TC-PCV-004</stat>
<stat pass="0" fail="1" skip="0">TC-PCV-005</stat>
<stat pass="0" fail="1" skip="0">TC-PMS-001</stat>
<stat pass="0" fail="1" skip="0">TC-PMS-005</stat>
<stat pass="0" fail="1" skip="0">test:retry(2)</stat>
</tag>
<suite>
<stat pass="0" fail="13" skip="0" id="s1" name="lumateTest">lumateTest</stat>
</suite>
</statistics>
<errors>
</errors>
</robot>
