<?xml version="1.0" encoding="UTF-8"?>
<robot generator="Robot 7.0 (Python 3.8.10 on linux)" generated="2024-06-05T18:12:19.490165" rpa="false" schemaversion="5">
<suite id="s1" name="lumateTest" source="/home/ridham/PycharmProjects/LUMATE-AUTOMATION_Jenkins/TestCases/lumateTest.robot">
<test id="s1-t1" name="Verify that the user is able to Log in to the Portal with correct credentials" line="19">
<kw name="Open PMS url on browser" owner="lumate1Resource">
<kw name="Open Browser With Options" owner="lumate1Resource">
<kw name="Evaluate" owner="BuiltIn">
<msg time="2024-06-05T18:12:19.664719" level="INFO">${chrome options} = &lt;selenium.webdriver.chrome.options.Options object at 0x7fea40c07d00&gt;</msg>
<var>${chrome options}</var>
<arg>sys.modules['selenium.webdriver'].ChromeOptions()</arg>
<arg>sys, selenium.webdriver</arg>
<doc>Evaluates the given expression in Python and returns the result.</doc>
<status status="PASS" start="2024-06-05T18:12:19.664265" elapsed="0.000509"/>
</kw>
<kw name="Split String" owner="String">
<msg time="2024-06-05T18:12:19.665311" level="INFO">${options_list} = ['--headless', '--no-sandbox', '--disable-dev-shm-usage', '--disable-gpu', '--remote-debugging-port=9222', '--disable-software-rasterizer', '--no-first-run', '--disable-background-networking', '--disa...</msg>
<var>${options_list}</var>
<arg>${options}</arg>
<arg>${SPACE}</arg>
<doc>Splits the ``string`` using ``separator`` as a delimiter string.</doc>
<status status="PASS" start="2024-06-05T18:12:19.665020" elapsed="0.000325"/>
</kw>
<for flavor="IN">
<iter>
<kw name="Call Method" owner="BuiltIn">
<arg>${chrome options}</arg>
<arg>add_argument</arg>
<arg>${option}</arg>
<doc>Calls the named method of the given object with the provided arguments.</doc>
<status status="PASS" start="2024-06-05T18:12:19.665815" elapsed="0.000224"/>
</kw>
<var name="${option}">--headless</var>
<status status="PASS" start="2024-06-05T18:12:19.665659" elapsed="0.000455"/>
</iter>
<iter>
<kw name="Call Method" owner="BuiltIn">
<arg>${chrome options}</arg>
<arg>add_argument</arg>
<arg>${option}</arg>
<doc>Calls the named method of the given object with the provided arguments.</doc>
<status status="PASS" start="2024-06-05T18:12:19.666376" elapsed="0.000224"/>
</kw>
<var name="${option}">--no-sandbox</var>
<status status="PASS" start="2024-06-05T18:12:19.666242" elapsed="0.000427"/>
</iter>
<iter>
<kw name="Call Method" owner="BuiltIn">
<arg>${chrome options}</arg>
<arg>add_argument</arg>
<arg>${option}</arg>
<doc>Calls the named method of the given object with the provided arguments.</doc>
<status status="PASS" start="2024-06-05T18:12:19.666936" elapsed="0.000274"/>
</kw>
<var name="${option}">--disable-dev-shm-usage</var>
<status status="PASS" start="2024-06-05T18:12:19.666786" elapsed="0.000497"/>
</iter>
<iter>
<kw name="Call Method" owner="BuiltIn">
<arg>${chrome options}</arg>
<arg>add_argument</arg>
<arg>${option}</arg>
<doc>Calls the named method of the given object with the provided arguments.</doc>
<status status="PASS" start="2024-06-05T18:12:19.667552" elapsed="0.000219"/>
</kw>
<var name="${option}">--disable-gpu</var>
<status status="PASS" start="2024-06-05T18:12:19.667406" elapsed="0.000435"/>
</iter>
<iter>
<kw name="Call Method" owner="BuiltIn">
<arg>${chrome options}</arg>
<arg>add_argument</arg>
<arg>${option}</arg>
<doc>Calls the named method of the given object with the provided arguments.</doc>
<status status="PASS" start="2024-06-05T18:12:19.668086" elapsed="0.000223"/>
</kw>
<var name="${option}">--remote-debugging-port=9222</var>
<status status="PASS" start="2024-06-05T18:12:19.667956" elapsed="0.000416"/>
</iter>
<iter>
<kw name="Call Method" owner="BuiltIn">
<arg>${chrome options}</arg>
<arg>add_argument</arg>
<arg>${option}</arg>
<doc>Calls the named method of the given object with the provided arguments.</doc>
<status status="PASS" start="2024-06-05T18:12:19.668642" elapsed="0.000417"/>
</kw>
<var name="${option}">--disable-software-rasterizer</var>
<status status="PASS" start="2024-06-05T18:12:19.668511" elapsed="0.000675"/>
</iter>
<iter>
<kw name="Call Method" owner="BuiltIn">
<arg>${chrome options}</arg>
<arg>add_argument</arg>
<arg>${option}</arg>
<doc>Calls the named method of the given object with the provided arguments.</doc>
<status status="PASS" start="2024-06-05T18:12:19.669725" elapsed="0.000316"/>
</kw>
<var name="${option}">--no-first-run</var>
<status status="PASS" start="2024-06-05T18:12:19.669445" elapsed="0.000707"/>
</iter>
<iter>
<kw name="Call Method" owner="BuiltIn">
<arg>${chrome options}</arg>
<arg>add_argument</arg>
<arg>${option}</arg>
<doc>Calls the named method of the given object with the provided arguments.</doc>
<status status="PASS" start="2024-06-05T18:12:19.670456" elapsed="0.000223"/>
</kw>
<var name="${option}">--disable-background-networking</var>
<status status="PASS" start="2024-06-05T18:12:19.670290" elapsed="0.000451"/>
</iter>
<iter>
<kw name="Call Method" owner="BuiltIn">
<arg>${chrome options}</arg>
<arg>add_argument</arg>
<arg>${option}</arg>
<doc>Calls the named method of the given object with the provided arguments.</doc>
<status status="PASS" start="2024-06-05T18:12:19.670988" elapsed="0.000243"/>
</kw>
<var name="${option}">--disable-extensions</var>
<status status="PASS" start="2024-06-05T18:12:19.670860" elapsed="0.000440"/>
</iter>
<iter>
<kw name="Call Method" owner="BuiltIn">
<arg>${chrome options}</arg>
<arg>add_argument</arg>
<arg>${option}</arg>
<doc>Calls the named method of the given object with the provided arguments.</doc>
<status status="PASS" start="2024-06-05T18:12:19.671586" elapsed="0.000243"/>
</kw>
<var name="${option}">disable-features=VizDisplayCompositor</var>
<status status="PASS" start="2024-06-05T18:12:19.671424" elapsed="0.000472"/>
</iter>
<var>${option}</var>
<value>@{options_list}</value>
<status status="PASS" start="2024-06-05T18:12:19.665464" elapsed="0.006479"/>
</for>
<kw name="Create Webdriver" owner="SeleniumLibrary">
<msg time="2024-06-05T18:12:19.672373" level="INFO">Creating an instance of the Chrome WebDriver.</msg>
<kw name="Capture Page Screenshot" owner="SeleniumLibrary">
<msg time="2024-06-05T18:12:20.756763" level="INFO">Cannot capture screenshot because no browser is open.</msg>
<doc>Takes a screenshot of the current page and embeds it into a log file.</doc>
<status status="PASS" start="2024-06-05T18:12:20.755176" elapsed="0.001928"/>
</kw>
<msg time="2024-06-05T18:12:20.757808" level="FAIL">WebDriverException: Message: disconnected: unable to connect to renderer
</msg>
<arg>Chrome</arg>
<arg>options=${chrome options}</arg>
<doc>Creates an instance of Selenium WebDriver.</doc>
<status status="FAIL" start="2024-06-05T18:12:19.672128" elapsed="1.116337">WebDriverException: Message: disconnected: unable to connect to renderer
</status>
</kw>
<kw name="Go To" owner="SeleniumLibrary">
<arg>${url}</arg>
<doc>Navigates the current browser window to the provided ``url``.</doc>
<status status="NOT RUN" start="2024-06-05T18:12:20.789351" elapsed="0.000145"/>
</kw>
<arg>${PMS_URL}</arg>
<arg>${CHROME_OPTIONS}</arg>
<status status="FAIL" start="2024-06-05T18:12:19.662710" elapsed="1.127437">WebDriverException: Message: disconnected: unable to connect to renderer
</status>
</kw>
<kw name="Maximize Browser Window" owner="SeleniumLibrary">
<doc>Maximizes current browser window.</doc>
<status status="NOT RUN" start="2024-06-05T18:12:20.790837" elapsed="0.000128"/>
</kw>
<kw name="Wait Until Element Is Visible" owner="SeleniumLibrary">
<arg>${LOGIN_PAGE_PMS}</arg>
<arg>15s</arg>
<doc>Waits until the element ``locator`` is visible.</doc>
<status status="NOT RUN" start="2024-06-05T18:12:20.791715" elapsed="0.000193"/>
</kw>
<status status="FAIL" start="2024-06-05T18:12:19.662119" elapsed="1.130279">WebDriverException: Message: disconnected: unable to connect to renderer
</status>
</kw>
<kw name="Fill the credentials and login" owner="lumate1Resource">
<status status="NOT RUN" start="2024-06-05T18:12:20.794049" elapsed="0.000186"/>
</kw>
<kw name="Close Browser" owner="SeleniumLibrary" type="TEARDOWN">
<doc>Closes the current browser.</doc>
<status status="PASS" start="2024-06-05T18:12:20.796038" elapsed="0.000735"/>
</kw>
<tag>TC-PMS-001</tag>
<status status="FAIL" start="2024-06-05T18:12:19.660876" elapsed="1.136557">WebDriverException: Message: disconnected: unable to connect to renderer
</status>
</test>
<test id="s1-t2" name="Verify that the user gets redirected to enter OTP page when entered the correct credentials." line="25">
<kw name="Open PMS url on browser" owner="lumate1Resource">
<kw name="Open Browser With Options" owner="lumate1Resource">
<kw name="Evaluate" owner="BuiltIn">
<msg time="2024-06-05T18:12:20.808980" level="INFO">${chrome options} = &lt;selenium.webdriver.chrome.options.Options object at 0x7fea40b3e640&gt;</msg>
<var>${chrome options}</var>
<arg>sys.modules['selenium.webdriver'].ChromeOptions()</arg>
<arg>sys, selenium.webdriver</arg>
<doc>Evaluates the given expression in Python and returns the result.</doc>
<status status="PASS" start="2024-06-05T18:12:20.807790" elapsed="0.001346"/>
</kw>
<kw name="Split String" owner="String">
<msg time="2024-06-05T18:12:20.810794" level="INFO">${options_list} = ['--headless', '--no-sandbox', '--disable-dev-shm-usage', '--disable-gpu', '--remote-debugging-port=9222', '--disable-software-rasterizer', '--no-first-run', '--disable-background-networking', '--disa...</msg>
<var>${options_list}</var>
<arg>${options}</arg>
<arg>${SPACE}</arg>
<doc>Splits the ``string`` using ``separator`` as a delimiter string.</doc>
<status status="PASS" start="2024-06-05T18:12:20.809810" elapsed="0.001114"/>
</kw>
<for flavor="IN">
<iter>
<kw name="Call Method" owner="BuiltIn">
<arg>${chrome options}</arg>
<arg>add_argument</arg>
<arg>${option}</arg>
<doc>Calls the named method of the given object with the provided arguments.</doc>
<status status="PASS" start="2024-06-05T18:12:20.813334" elapsed="0.001437"/>
</kw>
<var name="${option}">--headless</var>
<status status="PASS" start="2024-06-05T18:12:20.812321" elapsed="0.002939"/>
</iter>
<iter>
<kw name="Call Method" owner="BuiltIn">
<arg>${chrome options}</arg>
<arg>add_argument</arg>
<arg>${option}</arg>
<doc>Calls the named method of the given object with the provided arguments.</doc>
<status status="PASS" start="2024-06-05T18:12:20.816858" elapsed="0.001343"/>
</kw>
<var name="${option}">--no-sandbox</var>
<status status="PASS" start="2024-06-05T18:12:20.816035" elapsed="0.002623"/>
</iter>
<iter>
<kw name="Call Method" owner="BuiltIn">
<arg>${chrome options}</arg>
<arg>add_argument</arg>
<arg>${option}</arg>
<doc>Calls the named method of the given object with the provided arguments.</doc>
<status status="PASS" start="2024-06-05T18:12:20.820407" elapsed="0.001460"/>
</kw>
<var name="${option}">--disable-dev-shm-usage</var>
<status status="PASS" start="2024-06-05T18:12:20.819511" elapsed="0.002824"/>
</iter>
<iter>
<kw name="Call Method" owner="BuiltIn">
<arg>${chrome options}</arg>
<arg>add_argument</arg>
<arg>${option}</arg>
<doc>Calls the named method of the given object with the provided arguments.</doc>
<status status="PASS" start="2024-06-05T18:12:20.823980" elapsed="0.000986"/>
</kw>
<var name="${option}">--disable-gpu</var>
<status status="PASS" start="2024-06-05T18:12:20.823175" elapsed="0.002058"/>
</iter>
<iter>
<kw name="Call Method" owner="BuiltIn">
<arg>${chrome options}</arg>
<arg>add_argument</arg>
<arg>${option}</arg>
<doc>Calls the named method of the given object with the provided arguments.</doc>
<status status="PASS" start="2024-06-05T18:12:20.826166" elapsed="0.000836"/>
</kw>
<var name="${option}">--remote-debugging-port=9222</var>
<status status="PASS" start="2024-06-05T18:12:20.825689" elapsed="0.001727"/>
</iter>
<iter>
<kw name="Call Method" owner="BuiltIn">
<arg>${chrome options}</arg>
<arg>add_argument</arg>
<arg>${option}</arg>
<doc>Calls the named method of the given object with the provided arguments.</doc>
<status status="PASS" start="2024-06-05T18:12:20.829026" elapsed="0.001335"/>
</kw>
<var name="${option}">--disable-software-rasterizer</var>
<status status="PASS" start="2024-06-05T18:12:20.828188" elapsed="0.002624"/>
</iter>
<iter>
<kw name="Call Method" owner="BuiltIn">
<arg>${chrome options}</arg>
<arg>add_argument</arg>
<arg>${option}</arg>
<doc>Calls the named method of the given object with the provided arguments.</doc>
<status status="PASS" start="2024-06-05T18:12:20.832394" elapsed="0.001307"/>
</kw>
<var name="${option}">--no-first-run</var>
<status status="PASS" start="2024-06-05T18:12:20.831589" elapsed="0.002555"/>
</iter>
<iter>
<kw name="Call Method" owner="BuiltIn">
<arg>${chrome options}</arg>
<arg>add_argument</arg>
<arg>${option}</arg>
<doc>Calls the named method of the given object with the provided arguments.</doc>
<status status="PASS" start="2024-06-05T18:12:20.835755" elapsed="0.001521"/>
</kw>
<var name="${option}">--disable-background-networking</var>
<status status="PASS" start="2024-06-05T18:12:20.834892" elapsed="0.002842"/>
</iter>
<iter>
<kw name="Call Method" owner="BuiltIn">
<arg>${chrome options}</arg>
<arg>add_argument</arg>
<arg>${option}</arg>
<doc>Calls the named method of the given object with the provided arguments.</doc>
<status status="PASS" start="2024-06-05T18:12:20.839167" elapsed="0.000895"/>
</kw>
<var name="${option}">--disable-extensions</var>
<status status="PASS" start="2024-06-05T18:12:20.838536" elapsed="0.001784"/>
</iter>
<iter>
<kw name="Call Method" owner="BuiltIn">
<arg>${chrome options}</arg>
<arg>add_argument</arg>
<arg>${option}</arg>
<doc>Calls the named method of the given object with the provided arguments.</doc>
<status status="PASS" start="2024-06-05T18:12:20.841290" elapsed="0.000765"/>
</kw>
<var name="${option}">disable-features=VizDisplayCompositor</var>
<status status="PASS" start="2024-06-05T18:12:20.840798" elapsed="0.001495"/>
</iter>
<var>${option}</var>
<value>@{options_list}</value>
<status status="PASS" start="2024-06-05T18:12:20.811368" elapsed="0.031125"/>
</for>
<kw name="Create Webdriver" owner="SeleniumLibrary">
<msg time="2024-06-05T18:12:20.844220" level="INFO">Creating an instance of the Chrome WebDriver.</msg>
<kw name="Capture Page Screenshot" owner="SeleniumLibrary">
<msg time="2024-06-05T18:12:21.897013" level="INFO">Cannot capture screenshot because no browser is open.</msg>
<doc>Takes a screenshot of the current page and embeds it into a log file.</doc>
<status status="PASS" start="2024-06-05T18:12:21.896324" elapsed="0.000839"/>
</kw>
<msg time="2024-06-05T18:12:21.897454" level="FAIL">WebDriverException: Message: disconnected: unable to connect to renderer
</msg>
<arg>Chrome</arg>
<arg>options=${chrome options}</arg>
<doc>Creates an instance of Selenium WebDriver.</doc>
<status status="FAIL" start="2024-06-05T18:12:20.843141" elapsed="1.054644">WebDriverException: Message: disconnected: unable to connect to renderer
</status>
</kw>
<kw name="Go To" owner="SeleniumLibrary">
<arg>${url}</arg>
<doc>Navigates the current browser window to the provided ``url``.</doc>
<status status="NOT RUN" start="2024-06-05T18:12:21.898091" elapsed="0.000052"/>
</kw>
<arg>${PMS_URL}</arg>
<arg>${CHROME_OPTIONS}</arg>
<status status="FAIL" start="2024-06-05T18:12:20.805504" elapsed="1.092850">WebDriverException: Message: disconnected: unable to connect to renderer
</status>
</kw>
<kw name="Maximize Browser Window" owner="SeleniumLibrary">
<doc>Maximizes current browser window.</doc>
<status status="NOT RUN" start="2024-06-05T18:12:21.898614" elapsed="0.000049"/>
</kw>
<kw name="Wait Until Element Is Visible" owner="SeleniumLibrary">
<arg>${LOGIN_PAGE_PMS}</arg>
<arg>15s</arg>
<doc>Waits until the element ``locator`` is visible.</doc>
<status status="NOT RUN" start="2024-06-05T18:12:21.898869" elapsed="0.000045"/>
</kw>
<status status="FAIL" start="2024-06-05T18:12:20.803307" elapsed="1.095794">WebDriverException: Message: disconnected: unable to connect to renderer
</status>
</kw>
<kw name="Fill the credentials and login" owner="lumate1Resource">
<status status="NOT RUN" start="2024-06-05T18:12:21.899842" elapsed="0.000070"/>
</kw>
<kw name="Wait Until Element Contains" owner="SeleniumLibrary">
<arg>${OTP_PAGE}</arg>
<arg>Almost There</arg>
<arg>${TIMEOUT}</arg>
<doc>Waits until the element ``locator`` contains ``text``.</doc>
<status status="NOT RUN" start="2024-06-05T18:12:21.900280" elapsed="0.000064"/>
</kw>
<tag>TC-PMS-005</tag>
<status status="FAIL" start="2024-06-05T18:12:20.799503" elapsed="1.101331">WebDriverException: Message: disconnected: unable to connect to renderer
</status>
</test>
<test id="s1-t3" name="Verify the clinician Home Page" line="31">
<kw name="Enter OTP and Submit it" owner="lumate1Resource">
<kw name="Wait for OTP Email" owner="lumate1Resource">
<kw name="Open Mailbox" owner="ImapLibrary2">
<arg>host=${EMAIL_SERVER}</arg>
<arg>user=${EMAIL_USERNAME}</arg>
<arg>password=${EMAIL_PASSWORD}</arg>
<doc>Open IMAP email client session to given ``host`` with given ``user`` and ``password``.</doc>
<status status="PASS" start="2024-06-05T18:12:21.904463" elapsed="1.600470"/>
</kw>
<kw name="Wait For Email" owner="ImapLibrary2">
<msg time="2024-06-05T18:17:32.167447" level="FAIL">No email received within 300s</msg>
<var>${email_index}</var>
<arg>sender=${SENDER_USERNAME}</arg>
<arg>status=UNSEEN</arg>
<arg>timeout=300</arg>
<doc>Wait for email message to arrived base on any given filter criteria.
Returns email index of the latest email message received.</doc>
<status status="FAIL" start="2024-06-05T18:12:23.506283" elapsed="308.669804">No email received within 300s</status>
</kw>
<kw name="Get Email Body" owner="ImapLibrary2">
<var>${email_body}</var>
<arg>${email_index}</arg>
<doc>Returns the decoded email body on multipart email message,
otherwise returns the body text.</doc>
<status status="NOT RUN" start="2024-06-05T18:17:32.177007" elapsed="0.000157"/>
</kw>
<kw name="Get Regexp Matches" owner="String">
<var>${otp}</var>
<arg>${email_body}</arg>
<arg>\\b\\d{6}\\b</arg>
<doc>Returns a list of all non-overlapping matches in the given string.</doc>
<status status="NOT RUN" start="2024-06-05T18:17:32.177803" elapsed="0.000176"/>
</kw>
<kw name="Delete Email" owner="ImapLibrary2">
<arg>${email_index}</arg>
<doc>Delete email on given ``email_index``.</doc>
<status status="NOT RUN" start="2024-06-05T18:17:32.178566" elapsed="0.000130"/>
</kw>
<kw name="Log" owner="BuiltIn">
<arg>OTP received: ${otp}</arg>
<doc>Logs the given message with the given level.</doc>
<status status="NOT RUN" start="2024-06-05T18:17:32.179392" elapsed="0.000141"/>
</kw>
<return>
<value>${otp}[3]</value>
<status status="NOT RUN" start="2024-06-05T18:17:32.179835" elapsed="0.000159"/>
</return>
<var>${otp}</var>
<status status="FAIL" start="2024-06-05T18:12:21.904010" elapsed="310.276489">No email received within 300s</status>
</kw>
<kw name="Wait Until Element Is Visible" owner="SeleniumLibrary">
<arg>${OTP_CLICK}</arg>
<arg>15s</arg>
<doc>Waits until the element ``locator`` is visible.</doc>
<status status="NOT RUN" start="2024-06-05T18:17:32.181209" elapsed="0.000145"/>
</kw>
<kw name="Click Element" owner="SeleniumLibrary">
<arg>${OTP_CLICK}</arg>
<doc>Click the element identified by ``locator``.</doc>
<status status="NOT RUN" start="2024-06-05T18:17:32.181954" elapsed="0.000130"/>
</kw>
<kw name="Wait Until Element Is Visible" owner="SeleniumLibrary">
<arg>${OTP_PAGE}</arg>
<arg>${TIMEOUT}</arg>
<doc>Waits until the element ``locator`` is visible.</doc>
<status status="NOT RUN" start="2024-06-05T18:17:32.182705" elapsed="0.000129"/>
</kw>
<kw name="Wait Until Element Is Visible" owner="SeleniumLibrary">
<arg>${OTP_PMS}</arg>
<arg>${TIMEOUT}</arg>
<doc>Waits until the element ``locator`` is visible.</doc>
<status status="NOT RUN" start="2024-06-05T18:17:32.183643" elapsed="0.000136"/>
</kw>
<kw name="Input Text" owner="SeleniumLibrary">
<arg>${OTP_PMS}</arg>
<arg>${otp}</arg>
<doc>Types the given ``text`` into the text field identified by ``locator``.</doc>
<status status="NOT RUN" start="2024-06-05T18:17:32.184383" elapsed="0.000162"/>
</kw>
<kw name="Click Button" owner="SeleniumLibrary">
<arg>${VALIDATE_OTP_PMS}</arg>
<doc>Clicks the button identified by ``locator``.</doc>
<status status="NOT RUN" start="2024-06-05T18:17:32.185120" elapsed="0.000138"/>
</kw>
<kw name="Sleep" owner="BuiltIn">
<arg>2s</arg>
<doc>Pauses the test executed for the given time.</doc>
<status status="NOT RUN" start="2024-06-05T18:17:32.185836" elapsed="0.000132"/>
</kw>
<kw name="Run Keyword And Return Status" owner="BuiltIn">
<var>${error_exists}</var>
<arg>Page Should Contain</arg>
<arg>Incorrect OTP is provided. Try resending OTP.</arg>
<doc>Runs the given keyword with given arguments and returns the status as a Boolean value.</doc>
<status status="NOT RUN" start="2024-06-05T18:17:32.186668" elapsed="0.000151"/>
</kw>
<kw name="Run Keyword If" owner="BuiltIn">
<arg>${error_exists}</arg>
<arg>Enter OTP And Submit It</arg>
<doc>Runs the given keyword with the given arguments, if ``condition`` is true.</doc>
<status status="NOT RUN" start="2024-06-05T18:17:32.187878" elapsed="0.000154"/>
</kw>
<kw name="Wait Until Element Is Visible" owner="SeleniumLibrary">
<arg>${HOMEPAGE_PMS}</arg>
<doc>Waits until the element ``locator`` is visible.</doc>
<status status="NOT RUN" start="2024-06-05T18:17:32.188630" elapsed="0.000128"/>
</kw>
<status status="FAIL" start="2024-06-05T18:12:21.902969" elapsed="310.286278">No email received within 300s</status>
</kw>
<kw name="Wait Until Element Is Visible" owner="SeleniumLibrary">
<arg>${TO-DO_HOME}</arg>
<arg>${TIMEOUT}</arg>
<doc>Waits until the element ``locator`` is visible.</doc>
<status status="NOT RUN" start="2024-06-05T18:17:32.190514" elapsed="0.000484"/>
</kw>
<kw name="Element Should Contain" owner="SeleniumLibrary">
<arg>${TO-DO_HOME}</arg>
<arg>TO DO's</arg>
<doc>Verifies that element ``locator`` contains text ``expected``.</doc>
<status status="NOT RUN" start="2024-06-05T18:17:32.193304" elapsed="0.000238"/>
</kw>
<kw name="Element Should Contain" owner="SeleniumLibrary">
<arg>${APPOINTMENT_HOME}</arg>
<arg>Appointments</arg>
<doc>Verifies that element ``locator`` contains text ``expected``.</doc>
<status status="NOT RUN" start="2024-06-05T18:17:32.194389" elapsed="0.000153"/>
</kw>
<tag>TC-APP-001</tag>
<status status="FAIL" start="2024-06-05T18:12:21.901395" elapsed="310.294139">No email received within 300s</status>
</test>
<test id="s1-t4" name="Verify the Calender &amp; appointments screen" line="38">
<kw name="Wait Until the Update Icon Disappear" owner="lumate1Resource">
<kw name="Wait Until Element Is Not Visible" owner="SeleniumLibrary">
<kw name="Capture Page Screenshot" owner="SeleniumLibrary">
<msg time="2024-06-05T18:17:32.206607" level="INFO">Cannot capture screenshot because no browser is open.</msg>
<doc>Takes a screenshot of the current page and embeds it into a log file.</doc>
<status status="PASS" start="2024-06-05T18:17:32.205789" elapsed="0.001501"/>
</kw>
<msg time="2024-06-05T18:17:32.208099" level="FAIL">No browser is open.</msg>
<arg>${UpdateIcon}</arg>
<arg>${TIMEOUT_40}</arg>
<doc>Waits until the element ``locator`` is not visible.</doc>
<status status="FAIL" start="2024-06-05T18:17:32.202420" elapsed="0.017541">No browser is open.</status>
</kw>
<status status="FAIL" start="2024-06-05T18:17:32.200324" elapsed="0.020590">No browser is open.</status>
</kw>
<kw name="Wait Until Element Is Visible" owner="SeleniumLibrary">
<arg>${APPOINTMENT_SEC}</arg>
<doc>Waits until the element ``locator`` is visible.</doc>
<status status="NOT RUN" start="2024-06-05T18:17:32.222259" elapsed="0.000246"/>
</kw>
<kw name="Click Element" owner="SeleniumLibrary">
<arg>${APPOINTMENT_SEC}</arg>
<doc>Click the element identified by ``locator``.</doc>
<status status="NOT RUN" start="2024-06-05T18:17:32.224881" elapsed="0.000239"/>
</kw>
<kw name="Wait Until the Update Icon Disappear" owner="lumate1Resource">
<status status="NOT RUN" start="2024-06-05T18:17:32.226930" elapsed="0.000382"/>
</kw>
<kw name="verify elements of TC-APP-002 visible or not" owner="lumate1Resource">
<status status="NOT RUN" start="2024-06-05T18:17:32.229167" elapsed="0.006561"/>
</kw>
<kw name="Wait Until the Update Icon Disappear" owner="lumate1Resource">
<status status="NOT RUN" start="2024-06-05T18:17:32.237448" elapsed="0.000314"/>
</kw>
<tag>TC-APP-002</tag>
<status status="FAIL" start="2024-06-05T18:17:32.197124" elapsed="0.041882">No browser is open.</status>
</test>
<test id="s1-t5" name="Verify the create an appointment button" line="47">
<kw name="Click Element" owner="SeleniumLibrary" type="SETUP">
<msg time="2024-06-05T18:17:32.246396" level="INFO">Clicking element 'xpath://*[@class="menu overflow-hidden"]/ul/div[1]/li[3]'.</msg>
<kw name="Capture Page Screenshot" owner="SeleniumLibrary">
<msg time="2024-06-05T18:17:32.249614" level="INFO">Cannot capture screenshot because no browser is open.</msg>
<doc>Takes a screenshot of the current page and embeds it into a log file.</doc>
<status status="PASS" start="2024-06-05T18:17:32.247698" elapsed="0.002402"/>
</kw>
<msg time="2024-06-05T18:17:32.250834" level="FAIL">No browser is open.</msg>
<arg>${HOME_SEC}</arg>
<doc>Click the element identified by ``locator``.</doc>
<status status="FAIL" start="2024-06-05T18:17:32.245046" elapsed="0.023422">No browser is open.</status>
</kw>
<tag>TC-APP-003</tag>
<status status="FAIL" start="2024-06-05T18:17:32.242050" elapsed="0.027758">Setup failed:
No browser is open.</status>
</test>
<test id="s1-t6" name="Verify View Patient" line="52">
<kw name="Click Element" owner="SeleniumLibrary" type="SETUP">
<msg time="2024-06-05T18:17:32.275717" level="INFO">Clicking element 'xpath://*[@class="menu overflow-hidden"]/ul/div[1]/li[3]'.</msg>
<kw name="Capture Page Screenshot" owner="SeleniumLibrary">
<msg time="2024-06-05T18:17:32.277118" level="INFO">Cannot capture screenshot because no browser is open.</msg>
<doc>Takes a screenshot of the current page and embeds it into a log file.</doc>
<status status="PASS" start="2024-06-05T18:17:32.276572" elapsed="0.000808"/>
</kw>
<msg time="2024-06-05T18:17:32.277865" level="FAIL">No browser is open.</msg>
<arg>${HOME_SEC}</arg>
<doc>Click the element identified by ``locator``.</doc>
<status status="FAIL" start="2024-06-05T18:17:32.274478" elapsed="0.004020">No browser is open.</status>
</kw>
<tag>TC-PCV-001</tag>
<status status="FAIL" start="2024-06-05T18:17:32.271770" elapsed="0.007872">Setup failed:
No browser is open.</status>
</test>
<test id="s1-t7" name="Verify Edit Patient" line="58">
<kw name="Click Element" owner="SeleniumLibrary" type="SETUP">
<msg time="2024-06-05T18:17:32.283351" level="INFO">Clicking element 'xpath://*[@class="menu overflow-hidden"]/ul/div[1]/li[3]'.</msg>
<kw name="Capture Page Screenshot" owner="SeleniumLibrary">
<msg time="2024-06-05T18:17:32.285228" level="INFO">Cannot capture screenshot because no browser is open.</msg>
<doc>Takes a screenshot of the current page and embeds it into a log file.</doc>
<status status="PASS" start="2024-06-05T18:17:32.284418" elapsed="0.003122"/>
</kw>
<msg time="2024-06-05T18:17:32.287982" level="FAIL">No browser is open.</msg>
<arg>${HOME_SEC}</arg>
<doc>Click the element identified by ``locator``.</doc>
<status status="FAIL" start="2024-06-05T18:17:32.282625" elapsed="0.006025">No browser is open.</status>
</kw>
<tag>TC-PCV-002</tag>
<status status="FAIL" start="2024-06-05T18:17:32.281066" elapsed="0.013064">Setup failed:
No browser is open.</status>
</test>
<test id="s1-t8" name="Verify the Basic details screen given under the Demographic section" line="67">
<kw name="Click Element" owner="SeleniumLibrary" type="SETUP">
<msg time="2024-06-05T18:17:32.298437" level="INFO">Clicking element 'xpath://*[@class="menu overflow-hidden"]/ul/div[1]/li[3]'.</msg>
<kw name="Capture Page Screenshot" owner="SeleniumLibrary">
<msg time="2024-06-05T18:17:32.299436" level="INFO">Cannot capture screenshot because no browser is open.</msg>
<doc>Takes a screenshot of the current page and embeds it into a log file.</doc>
<status status="PASS" start="2024-06-05T18:17:32.299073" elapsed="0.000511"/>
</kw>
<msg time="2024-06-05T18:17:32.300017" level="FAIL">No browser is open.</msg>
<arg>${HOME_SEC}</arg>
<doc>Click the element identified by ``locator``.</doc>
<status status="FAIL" start="2024-06-05T18:17:32.297714" elapsed="0.002648">No browser is open.</status>
</kw>
<tag>TC-PCV-003</tag>
<status status="FAIL" start="2024-06-05T18:17:32.295882" elapsed="0.005114">Setup failed:
No browser is open.</status>
</test>
<test id="s1-t9" name="Verify billing tab" line="76">
<kw name="Click Element" owner="SeleniumLibrary" type="SETUP">
<msg time="2024-06-05T18:17:32.303700" level="INFO">Clicking element 'xpath://*[@class="menu overflow-hidden"]/ul/div[1]/li[3]'.</msg>
<kw name="Capture Page Screenshot" owner="SeleniumLibrary">
<msg time="2024-06-05T18:17:32.304544" level="INFO">Cannot capture screenshot because no browser is open.</msg>
<doc>Takes a screenshot of the current page and embeds it into a log file.</doc>
<status status="PASS" start="2024-06-05T18:17:32.304210" elapsed="0.000480"/>
</kw>
<msg time="2024-06-05T18:17:32.304956" level="FAIL">No browser is open.</msg>
<arg>${HOME_SEC}</arg>
<doc>Click the element identified by ``locator``.</doc>
<status status="FAIL" start="2024-06-05T18:17:32.303180" elapsed="0.002104">No browser is open.</status>
</kw>
<tag>TC-PCV-004</tag>
<status status="FAIL" start="2024-06-05T18:17:32.301782" elapsed="0.004003">Setup failed:
No browser is open.</status>
</test>
<test id="s1-t10" name="Change billing status" line="88">
<kw name="Click Element" owner="SeleniumLibrary" type="SETUP">
<msg time="2024-06-05T18:17:32.308215" level="INFO">Clicking element 'xpath://*[@class="menu overflow-hidden"]/ul/div[1]/li[2]'.</msg>
<kw name="Capture Page Screenshot" owner="SeleniumLibrary">
<msg time="2024-06-05T18:17:32.308992" level="INFO">Cannot capture screenshot because no browser is open.</msg>
<doc>Takes a screenshot of the current page and embeds it into a log file.</doc>
<status status="PASS" start="2024-06-05T18:17:32.308680" elapsed="0.000452"/>
</kw>
<msg time="2024-06-05T18:17:32.309370" level="FAIL">No browser is open.</msg>
<arg>${HOME_SEC_ICON}</arg>
<doc>Click the element identified by ``locator``.</doc>
<status status="FAIL" start="2024-06-05T18:17:32.307702" elapsed="0.001967">No browser is open.</status>
</kw>
<tag>TC-PCV-005</tag>
<status status="FAIL" start="2024-06-05T18:17:32.306670" elapsed="0.003712">Setup failed:
No browser is open.</status>
</test>
<test id="s1-t11" name="Verify patient signup" line="102">
<kw name="Open LUMCARE url on browser" owner="lumate2Resource">
<kw name="Open Browser With Options" owner="lumate2Resource">
<kw name="Evaluate" owner="BuiltIn">
<msg time="2024-06-05T18:17:32.315538" level="INFO">${chrome options} = &lt;selenium.webdriver.chrome.options.Options object at 0x7fea40a7a280&gt;</msg>
<var>${chrome options}</var>
<arg>sys.modules['selenium.webdriver'].ChromeOptions()</arg>
<arg>sys, selenium.webdriver</arg>
<doc>Evaluates the given expression in Python and returns the result.</doc>
<status status="PASS" start="2024-06-05T18:17:32.314792" elapsed="0.000863"/>
</kw>
<kw name="Split String" owner="String">
<msg time="2024-06-05T18:17:32.316689" level="INFO">${options_list} = ['--headless', '--no-sandbox', '--disable-dev-shm-usage', '--disable-gpu', '--remote-debugging-port=9222', '--disable-software-rasterizer', '--no-first-run', '--disable-background-networking', '--disa...</msg>
<var>${options_list}</var>
<arg>${options}</arg>
<arg>${SPACE}</arg>
<doc>Splits the ``string`` using ``separator`` as a delimiter string.</doc>
<status status="PASS" start="2024-06-05T18:17:32.316140" elapsed="0.000618"/>
</kw>
<for flavor="IN">
<iter>
<kw name="Call Method" owner="BuiltIn">
<arg>${chrome options}</arg>
<arg>add_argument</arg>
<arg>${option}</arg>
<doc>Calls the named method of the given object with the provided arguments.</doc>
<status status="PASS" start="2024-06-05T18:17:32.317667" elapsed="0.000471"/>
</kw>
<var name="${option}">--headless</var>
<status status="PASS" start="2024-06-05T18:17:32.317356" elapsed="0.000918"/>
</iter>
<iter>
<kw name="Call Method" owner="BuiltIn">
<arg>${chrome options}</arg>
<arg>add_argument</arg>
<arg>${option}</arg>
<doc>Calls the named method of the given object with the provided arguments.</doc>
<status status="PASS" start="2024-06-05T18:17:32.318779" elapsed="0.000494"/>
</kw>
<var name="${option}">--no-sandbox</var>
<status status="PASS" start="2024-06-05T18:17:32.318508" elapsed="0.000911"/>
</iter>
<iter>
<kw name="Call Method" owner="BuiltIn">
<arg>${chrome options}</arg>
<arg>add_argument</arg>
<arg>${option}</arg>
<doc>Calls the named method of the given object with the provided arguments.</doc>
<status status="PASS" start="2024-06-05T18:17:32.320020" elapsed="0.000429"/>
</kw>
<var name="${option}">--disable-dev-shm-usage</var>
<status status="PASS" start="2024-06-05T18:17:32.319736" elapsed="0.000840"/>
</iter>
<iter>
<kw name="Call Method" owner="BuiltIn">
<arg>${chrome options}</arg>
<arg>add_argument</arg>
<arg>${option}</arg>
<doc>Calls the named method of the given object with the provided arguments.</doc>
<status status="PASS" start="2024-06-05T18:17:32.321063" elapsed="0.000386"/>
</kw>
<var name="${option}">--disable-gpu</var>
<status status="PASS" start="2024-06-05T18:17:32.320817" elapsed="0.000745"/>
</iter>
<iter>
<kw name="Call Method" owner="BuiltIn">
<arg>${chrome options}</arg>
<arg>add_argument</arg>
<arg>${option}</arg>
<doc>Calls the named method of the given object with the provided arguments.</doc>
<status status="PASS" start="2024-06-05T18:17:32.321986" elapsed="0.000369"/>
</kw>
<var name="${option}">--remote-debugging-port=9222</var>
<status status="PASS" start="2024-06-05T18:17:32.321762" elapsed="0.000703"/>
</iter>
<iter>
<kw name="Call Method" owner="BuiltIn">
<arg>${chrome options}</arg>
<arg>add_argument</arg>
<arg>${option}</arg>
<doc>Calls the named method of the given object with the provided arguments.</doc>
<status status="PASS" start="2024-06-05T18:17:32.323064" elapsed="0.000580"/>
</kw>
<var name="${option}">--disable-software-rasterizer</var>
<status status="PASS" start="2024-06-05T18:17:32.322671" elapsed="0.001137"/>
</iter>
<iter>
<kw name="Call Method" owner="BuiltIn">
<arg>${chrome options}</arg>
<arg>add_argument</arg>
<arg>${option}</arg>
<doc>Calls the named method of the given object with the provided arguments.</doc>
<status status="PASS" start="2024-06-05T18:17:32.324342" elapsed="0.000406"/>
</kw>
<var name="${option}">--no-first-run</var>
<status status="PASS" start="2024-06-05T18:17:32.324056" elapsed="0.000807"/>
</iter>
<iter>
<kw name="Call Method" owner="BuiltIn">
<arg>${chrome options}</arg>
<arg>add_argument</arg>
<arg>${option}</arg>
<doc>Calls the named method of the given object with the provided arguments.</doc>
<status status="PASS" start="2024-06-05T18:17:32.325278" elapsed="0.000336"/>
</kw>
<var name="${option}">--disable-background-networking</var>
<status status="PASS" start="2024-06-05T18:17:32.325057" elapsed="0.000657"/>
</iter>
<iter>
<kw name="Call Method" owner="BuiltIn">
<arg>${chrome options}</arg>
<arg>add_argument</arg>
<arg>${option}</arg>
<doc>Calls the named method of the given object with the provided arguments.</doc>
<status status="PASS" start="2024-06-05T18:17:32.326099" elapsed="0.000328"/>
</kw>
<var name="${option}">--disable-extensions</var>
<status status="PASS" start="2024-06-05T18:17:32.325895" elapsed="0.000633"/>
</iter>
<iter>
<kw name="Call Method" owner="BuiltIn">
<arg>${chrome options}</arg>
<arg>add_argument</arg>
<arg>${option}</arg>
<doc>Calls the named method of the given object with the provided arguments.</doc>
<status status="PASS" start="2024-06-05T18:17:32.326898" elapsed="0.000334"/>
</kw>
<var name="${option}">disable-features=VizDisplayCompositor</var>
<status status="PASS" start="2024-06-05T18:17:32.326704" elapsed="0.000632"/>
</iter>
<var>${option}</var>
<value>@{options_list}</value>
<status status="PASS" start="2024-06-05T18:17:32.316973" elapsed="0.010443"/>
</for>
<kw name="Create Webdriver" owner="SeleniumLibrary">
<msg time="2024-06-05T18:17:32.328076" level="INFO">Creating an instance of the Chrome WebDriver.</msg>
<kw name="Capture Page Screenshot" owner="SeleniumLibrary">
<msg time="2024-06-05T18:17:33.411738" level="INFO">Cannot capture screenshot because no browser is open.</msg>
<doc>Takes a screenshot of the current page and embeds it into a log file.</doc>
<status status="PASS" start="2024-06-05T18:17:33.410707" elapsed="0.001242"/>
</kw>
<msg time="2024-06-05T18:17:33.412367" level="FAIL">WebDriverException: Message: disconnected: unable to connect to renderer
</msg>
<arg>Chrome</arg>
<arg>options=${chrome options}</arg>
<doc>Creates an instance of Selenium WebDriver.</doc>
<status status="FAIL" start="2024-06-05T18:17:32.327720" elapsed="1.085125">WebDriverException: Message: disconnected: unable to connect to renderer
</status>
</kw>
<kw name="Go To" owner="SeleniumLibrary">
<arg>${url}</arg>
<doc>Navigates the current browser window to the provided ``url``.</doc>
<status status="NOT RUN" start="2024-06-05T18:17:33.413301" elapsed="0.000078"/>
</kw>
<arg>${P_PORTAL_URL}</arg>
<arg>${CHROME_OPTIONS}</arg>
<status status="FAIL" start="2024-06-05T18:17:32.313738" elapsed="1.099952">WebDriverException: Message: disconnected: unable to connect to renderer
</status>
</kw>
<kw name="Maximize Browser Window" owner="SeleniumLibrary">
<doc>Maximizes current browser window.</doc>
<status status="NOT RUN" start="2024-06-05T18:17:33.414082" elapsed="0.000072"/>
</kw>
<kw name="Wait Until Element Is Visible" owner="SeleniumLibrary">
<arg>${LOGIN_PAGE_P_PORTAL}</arg>
<arg>15s</arg>
<doc>Waits until the element ``locator`` is visible.</doc>
<status status="NOT RUN" start="2024-06-05T18:17:33.414476" elapsed="0.000069"/>
</kw>
<status status="FAIL" start="2024-06-05T18:17:32.312292" elapsed="1.102495">WebDriverException: Message: disconnected: unable to connect to renderer
</status>
</kw>
<kw name="Fill the credentials and login" owner="lumate2Resource">
<status status="NOT RUN" start="2024-06-05T18:17:33.415896" elapsed="0.000117"/>
</kw>
<kw name="Enter OTP and Submit it" owner="lumate2Resource">
<status status="NOT RUN" start="2024-06-05T18:17:33.416658" elapsed="0.000113"/>
</kw>
<kw name="Select Dependent and Skip profile editing" owner="lumate2Resource">
<status status="NOT RUN" start="2024-06-05T18:17:33.417306" elapsed="0.000171"/>
</kw>
<kw name="Wait Until Element Is Visible" owner="SeleniumLibrary">
<arg>${HOMEPAGE_P_PORTAL}</arg>
<arg>${TIMEOUT}</arg>
<doc>Waits until the element ``locator`` is visible.</doc>
<status status="NOT RUN" start="2024-06-05T18:17:33.418084" elapsed="0.000092"/>
</kw>
<tag>TC-PATIENT-001</tag>
<tag>test:retry(2)</tag>
<status status="FAIL" start="2024-06-05T18:17:32.311262" elapsed="1.107513">WebDriverException: Message: disconnected: unable to connect to renderer
</status>
</test>
<test id="s1-t12" name="Add consent forms" line="110">
<kw name="Wait Until Element Is Visible" owner="SeleniumLibrary">
<kw name="Capture Page Screenshot" owner="SeleniumLibrary">
<msg time="2024-06-05T18:17:33.424169" level="INFO">Cannot capture screenshot because no browser is open.</msg>
<doc>Takes a screenshot of the current page and embeds it into a log file.</doc>
<status status="PASS" start="2024-06-05T18:17:33.423533" elapsed="0.000894"/>
</kw>
<msg time="2024-06-05T18:17:33.424871" level="FAIL">No browser is open.</msg>
<arg>${VIEW_CONSENT}</arg>
<arg>${TIMEOUT}</arg>
<doc>Waits until the element ``locator`` is visible.</doc>
<status status="FAIL" start="2024-06-05T18:17:33.421485" elapsed="0.004017">No browser is open.</status>
</kw>
<kw name="Wait Until the Update Icon Disappear" owner="lumate2Resource">
<status status="NOT RUN" start="2024-06-05T18:17:33.427571" elapsed="0.000896"/>
</kw>
<kw name="Click Element" owner="SeleniumLibrary">
<arg>${VIEW_CONSENT}</arg>
<doc>Click the element identified by ``locator``.</doc>
<status status="NOT RUN" start="2024-06-05T18:17:33.429261" elapsed="0.000154"/>
</kw>
<kw name="Wait Until the Update Icon Disappear" owner="lumate2Resource">
<status status="NOT RUN" start="2024-06-05T18:17:33.430387" elapsed="0.000221"/>
</kw>
<kw name="Element Should Be Visible" owner="SeleniumLibrary">
<arg>${CONSENTS}</arg>
<doc>Verifies that the element identified by ``locator`` is visible.</doc>
<status status="NOT RUN" start="2024-06-05T18:17:33.431401" elapsed="0.000143"/>
</kw>
<tag>TC-PATIENT-002</tag>
<status status="FAIL" start="2024-06-05T18:17:33.419867" elapsed="0.012346">No browser is open.</status>
</test>
<test id="s1-t13" name="Bill payment" line="118">
<kw name="Wait Until the Update Icon Disappear" owner="lumate2Resource">
<kw name="Wait Until Element Is Not Visible" owner="SeleniumLibrary">
<kw name="Capture Page Screenshot" owner="SeleniumLibrary">
<msg time="2024-06-05T18:17:33.438122" level="INFO">Cannot capture screenshot because no browser is open.</msg>
<doc>Takes a screenshot of the current page and embeds it into a log file.</doc>
<status status="PASS" start="2024-06-05T18:17:33.437632" elapsed="0.000711"/>
</kw>
<msg time="2024-06-05T18:17:33.438764" level="FAIL">No browser is open.</msg>
<arg>${UpdateIcon}</arg>
<arg>${TIMEOUT}</arg>
<doc>Waits until the element ``locator`` is not visible.</doc>
<status status="FAIL" start="2024-06-05T18:17:33.436321" elapsed="0.003025">No browser is open.</status>
</kw>
<status status="FAIL" start="2024-06-05T18:17:33.434912" elapsed="0.004979">No browser is open.</status>
</kw>
<kw name="Click Element" owner="SeleniumLibrary">
<arg>${HOME_SECTION}</arg>
<doc>Click the element identified by ``locator``.</doc>
<status status="NOT RUN" start="2024-06-05T18:17:33.440744" elapsed="0.000170"/>
</kw>
<kw name="Payment Of Clinician1" owner="lumate2Resource">
<status status="NOT RUN" start="2024-06-05T18:17:33.441841" elapsed="0.000185"/>
</kw>
<kw name="Close Browser" owner="SeleniumLibrary">
<doc>Closes the current browser.</doc>
<status status="NOT RUN" start="2024-06-05T18:17:33.442806" elapsed="0.000189"/>
</kw>
<tag>TC-PATIENT-003</tag>
<status status="FAIL" start="2024-06-05T18:17:33.433284" elapsed="0.010660">No browser is open.</status>
</test>
<status status="FAIL" start="2024-06-05T18:12:19.491515" elapsed="313.954665"/>
</suite>
<statistics>
<total>
<stat pass="0" fail="13" skip="0">All Tests</stat>
</total>
<tag>
<stat pass="0" fail="1" skip="0">TC-APP-001</stat>
<stat pass="0" fail="1" skip="0">TC-APP-002</stat>
<stat pass="0" fail="1" skip="0">TC-APP-003</stat>
<stat pass="0" fail="1" skip="0">TC-PATIENT-001</stat>
<stat pass="0" fail="1" skip="0">TC-PATIENT-002</stat>
<stat pass="0" fail="1" skip="0">TC-PATIENT-003</stat>
<stat pass="0" fail="1" skip="0">TC-PCV-001</stat>
<stat pass="0" fail="1" skip="0">TC-PCV-002</stat>
<stat pass="0" fail="1" skip="0">TC-PCV-003</stat>
<stat pass="0" fail="1" skip="0">TC-PCV-004</stat>
<stat pass="0" fail="1" skip="0">TC-PCV-005</stat>
<stat pass="0" fail="1" skip="0">TC-PMS-001</stat>
<stat pass="0" fail="1" skip="0">TC-PMS-005</stat>
<stat pass="0" fail="1" skip="0">test:retry(2)</stat>
</tag>
<suite>
<stat pass="0" fail="13" skip="0" id="s1" name="lumateTest">lumateTest</stat>
</suite>
</statistics>
<errors>
</errors>
</robot>
